CRITICAL - 2021-08-29 03:11:17 --> Invalid file: /templates/admin/v_layout.php
#0 /home/akdev/Documents/GitHub/web-unsribot/system/View/View.php(213): CodeIgniter\Exceptions\FrameworkException::forInvalidFile()
#1 /home/akdev/Documents/GitHub/web-unsribot/system/View/View.php(246): CodeIgniter\View\View->render()
#2 /home/akdev/Documents/GitHub/web-unsribot/system/Common.php(1271): CodeIgniter\View\View->render()
#3 /home/akdev/Documents/GitHub/web-unsribot/app/Controllers/Home.php(9): view()
#4 /home/akdev/Documents/GitHub/web-unsribot/system/CodeIgniter.php(928): App\Controllers\Home->index()
#5 /home/akdev/Documents/GitHub/web-unsribot/system/CodeIgniter.php(436): CodeIgniter\CodeIgniter->runController()
#6 /home/akdev/Documents/GitHub/web-unsribot/system/CodeIgniter.php(336): CodeIgniter\CodeIgniter->handleRequest()
#7 /home/akdev/Documents/GitHub/web-unsribot/public/index.php(37): CodeIgniter\CodeIgniter->run()
#8 /home/akdev/Documents/GitHub/web-unsribot/system/Commands/Server/rewrite.php(45): require_once('/home/akdev/Doc...')
#9 {main}
CRITICAL - 2021-08-29 03:11:42 --> Undefined variable: judul
#0 /home/akdev/Documents/GitHub/web-unsribot/app/Views/index.php(9): CodeIgniter\Debug\Exceptions->errorHandler()
#1 /home/akdev/Documents/GitHub/web-unsribot/system/View/View.php(230): include('/home/akdev/Doc...')
#2 /home/akdev/Documents/GitHub/web-unsribot/system/View/View.php(232): CodeIgniter\View\View->CodeIgniter\View\{closure}()
#3 /home/akdev/Documents/GitHub/web-unsribot/system/Common.php(1271): CodeIgniter\View\View->render()
#4 /home/akdev/Documents/GitHub/web-unsribot/app/Controllers/Home.php(9): view()
#5 /home/akdev/Documents/GitHub/web-unsribot/system/CodeIgniter.php(928): App\Controllers\Home->index()
#6 /home/akdev/Documents/GitHub/web-unsribot/system/CodeIgniter.php(436): CodeIgniter\CodeIgniter->runController()
#7 /home/akdev/Documents/GitHub/web-unsribot/system/CodeIgniter.php(336): CodeIgniter\CodeIgniter->handleRequest()
#8 /home/akdev/Documents/GitHub/web-unsribot/public/index.php(37): CodeIgniter\CodeIgniter->run()
#9 /home/akdev/Documents/GitHub/web-unsribot/system/Commands/Server/rewrite.php(45): require_once('/home/akdev/Doc...')
#10 {main}
CRITICAL - 2021-08-29 03:12:54 --> Invalid file: admin/index.php
#0 /home/akdev/Documents/GitHub/web-unsribot/system/View/View.php(213): CodeIgniter\Exceptions\FrameworkException::forInvalidFile()
#1 /home/akdev/Documents/GitHub/web-unsribot/system/Common.php(1271): CodeIgniter\View\View->render()
#2 /home/akdev/Documents/GitHub/web-unsribot/app/Controllers/Home.php(13): view()
#3 /home/akdev/Documents/GitHub/web-unsribot/system/CodeIgniter.php(928): App\Controllers\Home->index()
#4 /home/akdev/Documents/GitHub/web-unsribot/system/CodeIgniter.php(436): CodeIgniter\CodeIgniter->runController()
#5 /home/akdev/Documents/GitHub/web-unsribot/system/CodeIgniter.php(336): CodeIgniter\CodeIgniter->handleRequest()
#6 /home/akdev/Documents/GitHub/web-unsribot/public/index.php(37): CodeIgniter\CodeIgniter->run()
#7 /home/akdev/Documents/GitHub/web-unsribot/system/Commands/Server/rewrite.php(45): require_once('/home/akdev/Doc...')
#8 {main}
CRITICAL - 2021-08-29 03:13:19 --> Invalid file: admin/dashboard.php
#0 /home/akdev/Documents/GitHub/web-unsribot/system/View/View.php(213): CodeIgniter\Exceptions\FrameworkException::forInvalidFile()
#1 /home/akdev/Documents/GitHub/web-unsribot/system/Common.php(1271): CodeIgniter\View\View->render()
#2 /home/akdev/Documents/GitHub/web-unsribot/app/Controllers/Home.php(13): view()
#3 /home/akdev/Documents/GitHub/web-unsribot/system/CodeIgniter.php(928): App\Controllers\Home->index()
#4 /home/akdev/Documents/GitHub/web-unsribot/system/CodeIgniter.php(436): CodeIgniter\CodeIgniter->runController()
#5 /home/akdev/Documents/GitHub/web-unsribot/system/CodeIgniter.php(336): CodeIgniter\CodeIgniter->handleRequest()
#6 /home/akdev/Documents/GitHub/web-unsribot/public/index.php(37): CodeIgniter\CodeIgniter->run()
#7 /home/akdev/Documents/GitHub/web-unsribot/system/Commands/Server/rewrite.php(45): require_once('/home/akdev/Doc...')
#8 {main}
CRITICAL - 2021-08-29 03:13:21 --> Invalid file: admin/dashboard.php
#0 /home/akdev/Documents/GitHub/web-unsribot/system/View/View.php(213): CodeIgniter\Exceptions\FrameworkException::forInvalidFile()
#1 /home/akdev/Documents/GitHub/web-unsribot/system/Common.php(1271): CodeIgniter\View\View->render()
#2 /home/akdev/Documents/GitHub/web-unsribot/app/Controllers/Home.php(13): view()
#3 /home/akdev/Documents/GitHub/web-unsribot/system/CodeIgniter.php(928): App\Controllers\Home->index()
#4 /home/akdev/Documents/GitHub/web-unsribot/system/CodeIgniter.php(436): CodeIgniter\CodeIgniter->runController()
#5 /home/akdev/Documents/GitHub/web-unsribot/system/CodeIgniter.php(336): CodeIgniter\CodeIgniter->handleRequest()
#6 /home/akdev/Documents/GitHub/web-unsribot/public/index.php(37): CodeIgniter\CodeIgniter->run()
#7 /home/akdev/Documents/GitHub/web-unsribot/system/Commands/Server/rewrite.php(45): require_once('/home/akdev/Doc...')
#8 {main}
CRITICAL - 2021-08-29 03:14:19 --> Invalid file: admin/dashboard.php
#0 /home/akdev/Documents/GitHub/web-unsribot/system/View/View.php(213): CodeIgniter\Exceptions\FrameworkException::forInvalidFile()
#1 /home/akdev/Documents/GitHub/web-unsribot/system/Common.php(1271): CodeIgniter\View\View->render()
#2 /home/akdev/Documents/GitHub/web-unsribot/app/Controllers/Home.php(13): view()
#3 /home/akdev/Documents/GitHub/web-unsribot/system/CodeIgniter.php(928): App\Controllers\Home->index()
#4 /home/akdev/Documents/GitHub/web-unsribot/system/CodeIgniter.php(436): CodeIgniter\CodeIgniter->runController()
#5 /home/akdev/Documents/GitHub/web-unsribot/system/CodeIgniter.php(336): CodeIgniter\CodeIgniter->handleRequest()
#6 /home/akdev/Documents/GitHub/web-unsribot/public/index.php(37): CodeIgniter\CodeIgniter->run()
#7 /home/akdev/Documents/GitHub/web-unsribot/system/Commands/Server/rewrite.php(45): require_once('/home/akdev/Doc...')
#8 {main}
CRITICAL - 2021-08-29 03:14:20 --> Invalid file: admin/dashboard.php
#0 /home/akdev/Documents/GitHub/web-unsribot/system/View/View.php(213): CodeIgniter\Exceptions\FrameworkException::forInvalidFile()
#1 /home/akdev/Documents/GitHub/web-unsribot/system/Common.php(1271): CodeIgniter\View\View->render()
#2 /home/akdev/Documents/GitHub/web-unsribot/app/Controllers/Home.php(13): view()
#3 /home/akdev/Documents/GitHub/web-unsribot/system/CodeIgniter.php(928): App\Controllers\Home->index()
#4 /home/akdev/Documents/GitHub/web-unsribot/system/CodeIgniter.php(436): CodeIgniter\CodeIgniter->runController()
#5 /home/akdev/Documents/GitHub/web-unsribot/system/CodeIgniter.php(336): CodeIgniter\CodeIgniter->handleRequest()
#6 /home/akdev/Documents/GitHub/web-unsribot/public/index.php(37): CodeIgniter\CodeIgniter->run()
#7 /home/akdev/Documents/GitHub/web-unsribot/system/Commands/Server/rewrite.php(45): require_once('/home/akdev/Doc...')
#8 {main}
CRITICAL - 2021-08-29 03:15:17 --> Invalid file: admin/dashboard.php
#0 /home/akdev/Documents/GitHub/web-unsribot/system/View/View.php(213): CodeIgniter\Exceptions\FrameworkException::forInvalidFile()
#1 /home/akdev/Documents/GitHub/web-unsribot/system/Common.php(1271): CodeIgniter\View\View->render()
#2 /home/akdev/Documents/GitHub/web-unsribot/app/Controllers/Home.php(13): view()
#3 /home/akdev/Documents/GitHub/web-unsribot/system/CodeIgniter.php(928): App\Controllers\Home->index()
#4 /home/akdev/Documents/GitHub/web-unsribot/system/CodeIgniter.php(436): CodeIgniter\CodeIgniter->runController()
#5 /home/akdev/Documents/GitHub/web-unsribot/system/CodeIgniter.php(336): CodeIgniter\CodeIgniter->handleRequest()
#6 /home/akdev/Documents/GitHub/web-unsribot/public/index.php(37): CodeIgniter\CodeIgniter->run()
#7 /home/akdev/Documents/GitHub/web-unsribot/system/Commands/Server/rewrite.php(45): require_once('/home/akdev/Doc...')
#8 {main}
CRITICAL - 2021-08-29 03:17:09 --> Invalid file: admin/dashboard.php
#0 /home/akdev/Documents/GitHub/web-unsribot/system/View/View.php(213): CodeIgniter\Exceptions\FrameworkException::forInvalidFile()
#1 /home/akdev/Documents/GitHub/web-unsribot/system/Common.php(1271): CodeIgniter\View\View->render()
#2 /home/akdev/Documents/GitHub/web-unsribot/app/Controllers/Home.php(13): view()
#3 /home/akdev/Documents/GitHub/web-unsribot/system/CodeIgniter.php(928): App\Controllers\Home->index()
#4 /home/akdev/Documents/GitHub/web-unsribot/system/CodeIgniter.php(436): CodeIgniter\CodeIgniter->runController()
#5 /home/akdev/Documents/GitHub/web-unsribot/system/CodeIgniter.php(336): CodeIgniter\CodeIgniter->handleRequest()
#6 /home/akdev/Documents/GitHub/web-unsribot/public/index.php(37): CodeIgniter\CodeIgniter->run()
#7 /home/akdev/Documents/GitHub/web-unsribot/system/Commands/Server/rewrite.php(45): require_once('/home/akdev/Doc...')
#8 {main}
CRITICAL - 2021-08-29 03:18:19 --> Invalid file: admin/dashboard.php
#0 /home/akdev/Documents/GitHub/web-unsribot/system/View/View.php(213): CodeIgniter\Exceptions\FrameworkException::forInvalidFile()
#1 /home/akdev/Documents/GitHub/web-unsribot/system/Common.php(1271): CodeIgniter\View\View->render()
#2 /home/akdev/Documents/GitHub/web-unsribot/app/Controllers/Home.php(13): view()
#3 /home/akdev/Documents/GitHub/web-unsribot/system/CodeIgniter.php(928): App\Controllers\Home->index()
#4 /home/akdev/Documents/GitHub/web-unsribot/system/CodeIgniter.php(436): CodeIgniter\CodeIgniter->runController()
#5 /home/akdev/Documents/GitHub/web-unsribot/system/CodeIgniter.php(336): CodeIgniter\CodeIgniter->handleRequest()
#6 /home/akdev/Documents/GitHub/web-unsribot/public/index.php(37): CodeIgniter\CodeIgniter->run()
#7 /home/akdev/Documents/GitHub/web-unsribot/system/Commands/Server/rewrite.php(45): require_once('/home/akdev/Doc...')
#8 {main}
CRITICAL - 2021-08-29 03:18:20 --> Invalid file: admin/dashboard.php
#0 /home/akdev/Documents/GitHub/web-unsribot/system/View/View.php(213): CodeIgniter\Exceptions\FrameworkException::forInvalidFile()
#1 /home/akdev/Documents/GitHub/web-unsribot/system/Common.php(1271): CodeIgniter\View\View->render()
#2 /home/akdev/Documents/GitHub/web-unsribot/app/Controllers/Home.php(13): view()
#3 /home/akdev/Documents/GitHub/web-unsribot/system/CodeIgniter.php(928): App\Controllers\Home->index()
#4 /home/akdev/Documents/GitHub/web-unsribot/system/CodeIgniter.php(436): CodeIgniter\CodeIgniter->runController()
#5 /home/akdev/Documents/GitHub/web-unsribot/system/CodeIgniter.php(336): CodeIgniter\CodeIgniter->handleRequest()
#6 /home/akdev/Documents/GitHub/web-unsribot/public/index.php(37): CodeIgniter\CodeIgniter->run()
#7 /home/akdev/Documents/GitHub/web-unsribot/system/Commands/Server/rewrite.php(45): require_once('/home/akdev/Doc...')
#8 {main}
CRITICAL - 2021-08-29 03:18:43 --> Invalid file: admin/dashboard.php
#0 /home/akdev/Documents/GitHub/web-unsribot/system/View/View.php(213): CodeIgniter\Exceptions\FrameworkException::forInvalidFile()
#1 /home/akdev/Documents/GitHub/web-unsribot/system/Common.php(1271): CodeIgniter\View\View->render()
#2 /home/akdev/Documents/GitHub/web-unsribot/app/Controllers/Home.php(13): view()
#3 /home/akdev/Documents/GitHub/web-unsribot/system/CodeIgniter.php(928): App\Controllers\Home->index()
#4 /home/akdev/Documents/GitHub/web-unsribot/system/CodeIgniter.php(436): CodeIgniter\CodeIgniter->runController()
#5 /home/akdev/Documents/GitHub/web-unsribot/system/CodeIgniter.php(336): CodeIgniter\CodeIgniter->handleRequest()
#6 /home/akdev/Documents/GitHub/web-unsribot/public/index.php(37): CodeIgniter\CodeIgniter->run()
#7 /home/akdev/Documents/GitHub/web-unsribot/system/Commands/Server/rewrite.php(45): require_once('/home/akdev/Doc...')
#8 {main}
CRITICAL - 2021-08-29 03:18:44 --> Invalid file: admin/dashboard.php
#0 /home/akdev/Documents/GitHub/web-unsribot/system/View/View.php(213): CodeIgniter\Exceptions\FrameworkException::forInvalidFile()
#1 /home/akdev/Documents/GitHub/web-unsribot/system/Common.php(1271): CodeIgniter\View\View->render()
#2 /home/akdev/Documents/GitHub/web-unsribot/app/Controllers/Home.php(13): view()
#3 /home/akdev/Documents/GitHub/web-unsribot/system/CodeIgniter.php(928): App\Controllers\Home->index()
#4 /home/akdev/Documents/GitHub/web-unsribot/system/CodeIgniter.php(436): CodeIgniter\CodeIgniter->runController()
#5 /home/akdev/Documents/GitHub/web-unsribot/system/CodeIgniter.php(336): CodeIgniter\CodeIgniter->handleRequest()
#6 /home/akdev/Documents/GitHub/web-unsribot/public/index.php(37): CodeIgniter\CodeIgniter->run()
#7 /home/akdev/Documents/GitHub/web-unsribot/system/Commands/Server/rewrite.php(45): require_once('/home/akdev/Doc...')
#8 {main}
CRITICAL - 2021-08-29 03:18:45 --> Invalid file: admin/dashboard.php
#0 /home/akdev/Documents/GitHub/web-unsribot/system/View/View.php(213): CodeIgniter\Exceptions\FrameworkException::forInvalidFile()
#1 /home/akdev/Documents/GitHub/web-unsribot/system/Common.php(1271): CodeIgniter\View\View->render()
#2 /home/akdev/Documents/GitHub/web-unsribot/app/Controllers/Home.php(13): view()
#3 /home/akdev/Documents/GitHub/web-unsribot/system/CodeIgniter.php(928): App\Controllers\Home->index()
#4 /home/akdev/Documents/GitHub/web-unsribot/system/CodeIgniter.php(436): CodeIgniter\CodeIgniter->runController()
#5 /home/akdev/Documents/GitHub/web-unsribot/system/CodeIgniter.php(336): CodeIgniter\CodeIgniter->handleRequest()
#6 /home/akdev/Documents/GitHub/web-unsribot/public/index.php(37): CodeIgniter\CodeIgniter->run()
#7 /home/akdev/Documents/GitHub/web-unsribot/system/Commands/Server/rewrite.php(45): require_once('/home/akdev/Doc...')
#8 {main}
CRITICAL - 2021-08-29 03:18:45 --> Invalid file: admin/dashboard.php
#0 /home/akdev/Documents/GitHub/web-unsribot/system/View/View.php(213): CodeIgniter\Exceptions\FrameworkException::forInvalidFile()
#1 /home/akdev/Documents/GitHub/web-unsribot/system/Common.php(1271): CodeIgniter\View\View->render()
#2 /home/akdev/Documents/GitHub/web-unsribot/app/Controllers/Home.php(13): view()
#3 /home/akdev/Documents/GitHub/web-unsribot/system/CodeIgniter.php(928): App\Controllers\Home->index()
#4 /home/akdev/Documents/GitHub/web-unsribot/system/CodeIgniter.php(436): CodeIgniter\CodeIgniter->runController()
#5 /home/akdev/Documents/GitHub/web-unsribot/system/CodeIgniter.php(336): CodeIgniter\CodeIgniter->handleRequest()
#6 /home/akdev/Documents/GitHub/web-unsribot/public/index.php(37): CodeIgniter\CodeIgniter->run()
#7 /home/akdev/Documents/GitHub/web-unsribot/system/Commands/Server/rewrite.php(45): require_once('/home/akdev/Doc...')
#8 {main}
CRITICAL - 2021-08-29 03:18:54 --> Undefined variable: jumlahKategori
#0 /home/akdev/Documents/GitHub/web-unsribot/app/Views/dashboard.php(19): CodeIgniter\Debug\Exceptions->errorHandler()
#1 /home/akdev/Documents/GitHub/web-unsribot/system/View/View.php(230): include('/home/akdev/Doc...')
#2 /home/akdev/Documents/GitHub/web-unsribot/system/View/View.php(232): CodeIgniter\View\View->CodeIgniter\View\{closure}()
#3 /home/akdev/Documents/GitHub/web-unsribot/system/Common.php(1271): CodeIgniter\View\View->render()
#4 /home/akdev/Documents/GitHub/web-unsribot/app/Controllers/Home.php(13): view()
#5 /home/akdev/Documents/GitHub/web-unsribot/system/CodeIgniter.php(928): App\Controllers\Home->index()
#6 /home/akdev/Documents/GitHub/web-unsribot/system/CodeIgniter.php(436): CodeIgniter\CodeIgniter->runController()
#7 /home/akdev/Documents/GitHub/web-unsribot/system/CodeIgniter.php(336): CodeIgniter\CodeIgniter->handleRequest()
#8 /home/akdev/Documents/GitHub/web-unsribot/public/index.php(37): CodeIgniter\CodeIgniter->run()
#9 /home/akdev/Documents/GitHub/web-unsribot/system/Commands/Server/rewrite.php(45): require_once('/home/akdev/Doc...')
#10 {main}
CRITICAL - 2021-08-29 03:19:25 --> Undefined variable: jumlahPertanyaan
#0 /home/akdev/Documents/GitHub/web-unsribot/app/Views/dashboard.php(37): CodeIgniter\Debug\Exceptions->errorHandler()
#1 /home/akdev/Documents/GitHub/web-unsribot/system/View/View.php(230): include('/home/akdev/Doc...')
#2 /home/akdev/Documents/GitHub/web-unsribot/system/View/View.php(232): CodeIgniter\View\View->CodeIgniter\View\{closure}()
#3 /home/akdev/Documents/GitHub/web-unsribot/system/Common.php(1271): CodeIgniter\View\View->render()
#4 /home/akdev/Documents/GitHub/web-unsribot/app/Controllers/Home.php(13): view()
#5 /home/akdev/Documents/GitHub/web-unsribot/system/CodeIgniter.php(928): App\Controllers\Home->index()
#6 /home/akdev/Documents/GitHub/web-unsribot/system/CodeIgniter.php(436): CodeIgniter\CodeIgniter->runController()
#7 /home/akdev/Documents/GitHub/web-unsribot/system/CodeIgniter.php(336): CodeIgniter\CodeIgniter->handleRequest()
#8 /home/akdev/Documents/GitHub/web-unsribot/public/index.php(37): CodeIgniter\CodeIgniter->run()
#9 /home/akdev/Documents/GitHub/web-unsribot/system/Commands/Server/rewrite.php(45): require_once('/home/akdev/Doc...')
#10 {main}
CRITICAL - 2021-08-29 03:19:49 --> Invalid file: /templates/template.php
#0 /home/akdev/Documents/GitHub/web-unsribot/system/View/View.php(213): CodeIgniter\Exceptions\FrameworkException::forInvalidFile()
#1 /home/akdev/Documents/GitHub/web-unsribot/system/View/View.php(246): CodeIgniter\View\View->render()
#2 /home/akdev/Documents/GitHub/web-unsribot/system/Common.php(1271): CodeIgniter\View\View->render()
#3 /home/akdev/Documents/GitHub/web-unsribot/app/Controllers/Home.php(13): view()
#4 /home/akdev/Documents/GitHub/web-unsribot/system/CodeIgniter.php(928): App\Controllers\Home->index()
#5 /home/akdev/Documents/GitHub/web-unsribot/system/CodeIgniter.php(436): CodeIgniter\CodeIgniter->runController()
#6 /home/akdev/Documents/GitHub/web-unsribot/system/CodeIgniter.php(336): CodeIgniter\CodeIgniter->handleRequest()
#7 /home/akdev/Documents/GitHub/web-unsribot/public/index.php(37): CodeIgniter\CodeIgniter->run()
#8 /home/akdev/Documents/GitHub/web-unsribot/system/Commands/Server/rewrite.php(45): require_once('/home/akdev/Doc...')
#9 {main}
CRITICAL - 2021-08-29 03:20:00 --> Invalid file: /templates/template.php
#0 /home/akdev/Documents/GitHub/web-unsribot/system/View/View.php(213): CodeIgniter\Exceptions\FrameworkException::forInvalidFile()
#1 /home/akdev/Documents/GitHub/web-unsribot/system/View/View.php(246): CodeIgniter\View\View->render()
#2 /home/akdev/Documents/GitHub/web-unsribot/system/Common.php(1271): CodeIgniter\View\View->render()
#3 /home/akdev/Documents/GitHub/web-unsribot/app/Controllers/Home.php(13): view()
#4 /home/akdev/Documents/GitHub/web-unsribot/system/CodeIgniter.php(928): App\Controllers\Home->index()
#5 /home/akdev/Documents/GitHub/web-unsribot/system/CodeIgniter.php(436): CodeIgniter\CodeIgniter->runController()
#6 /home/akdev/Documents/GitHub/web-unsribot/system/CodeIgniter.php(336): CodeIgniter\CodeIgniter->handleRequest()
#7 /home/akdev/Documents/GitHub/web-unsribot/public/index.php(37): CodeIgniter\CodeIgniter->run()
#8 /home/akdev/Documents/GitHub/web-unsribot/system/Commands/Server/rewrite.php(45): require_once('/home/akdev/Doc...')
#9 {main}
CRITICAL - 2021-08-29 03:20:12 --> Invalid file: /templates/template.php
#0 /home/akdev/Documents/GitHub/web-unsribot/system/View/View.php(213): CodeIgniter\Exceptions\FrameworkException::forInvalidFile()
#1 /home/akdev/Documents/GitHub/web-unsribot/system/View/View.php(246): CodeIgniter\View\View->render()
#2 /home/akdev/Documents/GitHub/web-unsribot/system/Common.php(1271): CodeIgniter\View\View->render()
#3 /home/akdev/Documents/GitHub/web-unsribot/app/Controllers/Home.php(13): view()
#4 /home/akdev/Documents/GitHub/web-unsribot/system/CodeIgniter.php(928): App\Controllers\Home->index()
#5 /home/akdev/Documents/GitHub/web-unsribot/system/CodeIgniter.php(436): CodeIgniter\CodeIgniter->runController()
#6 /home/akdev/Documents/GitHub/web-unsribot/system/CodeIgniter.php(336): CodeIgniter\CodeIgniter->handleRequest()
#7 /home/akdev/Documents/GitHub/web-unsribot/public/index.php(37): CodeIgniter\CodeIgniter->run()
#8 /home/akdev/Documents/GitHub/web-unsribot/system/Commands/Server/rewrite.php(45): require_once('/home/akdev/Doc...')
#9 {main}
CRITICAL - 2021-08-29 03:20:24 --> Invalid file: /template/template.php
#0 /home/akdev/Documents/GitHub/web-unsribot/system/View/View.php(213): CodeIgniter\Exceptions\FrameworkException::forInvalidFile()
#1 /home/akdev/Documents/GitHub/web-unsribot/system/View/View.php(246): CodeIgniter\View\View->render()
#2 /home/akdev/Documents/GitHub/web-unsribot/system/Common.php(1271): CodeIgniter\View\View->render()
#3 /home/akdev/Documents/GitHub/web-unsribot/app/Controllers/Home.php(13): view()
#4 /home/akdev/Documents/GitHub/web-unsribot/system/CodeIgniter.php(928): App\Controllers\Home->index()
#5 /home/akdev/Documents/GitHub/web-unsribot/system/CodeIgniter.php(436): CodeIgniter\CodeIgniter->runController()
#6 /home/akdev/Documents/GitHub/web-unsribot/system/CodeIgniter.php(336): CodeIgniter\CodeIgniter->handleRequest()
#7 /home/akdev/Documents/GitHub/web-unsribot/public/index.php(37): CodeIgniter\CodeIgniter->run()
#8 /home/akdev/Documents/GitHub/web-unsribot/system/Commands/Server/rewrite.php(45): require_once('/home/akdev/Doc...')
#9 {main}
CRITICAL - 2021-08-29 03:20:35 --> Invalid file: templates/admin/header.php
#0 /home/akdev/Documents/GitHub/web-unsribot/system/View/View.php(213): CodeIgniter\Exceptions\FrameworkException::forInvalidFile()
#1 /home/akdev/Documents/GitHub/web-unsribot/system/View/View.php(487): CodeIgniter\View\View->render()
#2 /home/akdev/Documents/GitHub/web-unsribot/app/Views/layout/template.php(2): CodeIgniter\View\View->include()
#3 /home/akdev/Documents/GitHub/web-unsribot/system/View/View.php(230): include('/home/akdev/Doc...')
#4 /home/akdev/Documents/GitHub/web-unsribot/system/View/View.php(232): CodeIgniter\View\View->CodeIgniter\View\{closure}()
#5 /home/akdev/Documents/GitHub/web-unsribot/system/View/View.php(246): CodeIgniter\View\View->render()
#6 /home/akdev/Documents/GitHub/web-unsribot/system/Common.php(1271): CodeIgniter\View\View->render()
#7 /home/akdev/Documents/GitHub/web-unsribot/app/Controllers/Home.php(13): view()
#8 /home/akdev/Documents/GitHub/web-unsribot/system/CodeIgniter.php(928): App\Controllers\Home->index()
#9 /home/akdev/Documents/GitHub/web-unsribot/system/CodeIgniter.php(436): CodeIgniter\CodeIgniter->runController()
#10 /home/akdev/Documents/GitHub/web-unsribot/system/CodeIgniter.php(336): CodeIgniter\CodeIgniter->handleRequest()
#11 /home/akdev/Documents/GitHub/web-unsribot/public/index.php(37): CodeIgniter\CodeIgniter->run()
#12 /home/akdev/Documents/GitHub/web-unsribot/system/Commands/Server/rewrite.php(45): require_once('/home/akdev/Doc...')
#13 {main}
CRITICAL - 2021-08-29 03:20:49 --> Invalid file: templates/header.php
#0 /home/akdev/Documents/GitHub/web-unsribot/system/View/View.php(213): CodeIgniter\Exceptions\FrameworkException::forInvalidFile()
#1 /home/akdev/Documents/GitHub/web-unsribot/system/View/View.php(487): CodeIgniter\View\View->render()
#2 /home/akdev/Documents/GitHub/web-unsribot/app/Views/layout/template.php(2): CodeIgniter\View\View->include()
#3 /home/akdev/Documents/GitHub/web-unsribot/system/View/View.php(230): include('/home/akdev/Doc...')
#4 /home/akdev/Documents/GitHub/web-unsribot/system/View/View.php(232): CodeIgniter\View\View->CodeIgniter\View\{closure}()
#5 /home/akdev/Documents/GitHub/web-unsribot/system/View/View.php(246): CodeIgniter\View\View->render()
#6 /home/akdev/Documents/GitHub/web-unsribot/system/Common.php(1271): CodeIgniter\View\View->render()
#7 /home/akdev/Documents/GitHub/web-unsribot/app/Controllers/Home.php(13): view()
#8 /home/akdev/Documents/GitHub/web-unsribot/system/CodeIgniter.php(928): App\Controllers\Home->index()
#9 /home/akdev/Documents/GitHub/web-unsribot/system/CodeIgniter.php(436): CodeIgniter\CodeIgniter->runController()
#10 /home/akdev/Documents/GitHub/web-unsribot/system/CodeIgniter.php(336): CodeIgniter\CodeIgniter->handleRequest()
#11 /home/akdev/Documents/GitHub/web-unsribot/public/index.php(37): CodeIgniter\CodeIgniter->run()
#12 /home/akdev/Documents/GitHub/web-unsribot/system/Commands/Server/rewrite.php(45): require_once('/home/akdev/Doc...')
#13 {main}
CRITICAL - 2021-08-29 03:25:53 --> syntax error, unexpected '?>'
#0 /home/akdev/Documents/GitHub/web-unsribot/system/View/View.php(232): CodeIgniter\View\View->CodeIgniter\View\{closure}()
#1 /home/akdev/Documents/GitHub/web-unsribot/system/View/View.php(487): CodeIgniter\View\View->render()
#2 /home/akdev/Documents/GitHub/web-unsribot/app/Views/layout/template.php(4): CodeIgniter\View\View->include()
#3 /home/akdev/Documents/GitHub/web-unsribot/system/View/View.php(230): include('/home/akdev/Doc...')
#4 /home/akdev/Documents/GitHub/web-unsribot/system/View/View.php(232): CodeIgniter\View\View->CodeIgniter\View\{closure}()
#5 /home/akdev/Documents/GitHub/web-unsribot/system/View/View.php(246): CodeIgniter\View\View->render()
#6 /home/akdev/Documents/GitHub/web-unsribot/system/Common.php(1271): CodeIgniter\View\View->render()
#7 /home/akdev/Documents/GitHub/web-unsribot/app/Controllers/Home.php(13): view()
#8 /home/akdev/Documents/GitHub/web-unsribot/system/CodeIgniter.php(928): App\Controllers\Home->index()
#9 /home/akdev/Documents/GitHub/web-unsribot/system/CodeIgniter.php(436): CodeIgniter\CodeIgniter->runController()
#10 /home/akdev/Documents/GitHub/web-unsribot/system/CodeIgniter.php(336): CodeIgniter\CodeIgniter->handleRequest()
#11 /home/akdev/Documents/GitHub/web-unsribot/public/index.php(37): CodeIgniter\CodeIgniter->run()
#12 /home/akdev/Documents/GitHub/web-unsribot/system/Commands/Server/rewrite.php(45): require_once('/home/akdev/Doc...')
#13 {main}
CRITICAL - 2021-08-29 03:51:08 --> Invalid file: validation/flashData.php
#0 /home/akdev/Documents/GitHub/web-unsribot/system/View/View.php(213): CodeIgniter\Exceptions\FrameworkException::forInvalidFile()
#1 /home/akdev/Documents/GitHub/web-unsribot/system/Common.php(1271): CodeIgniter\View\View->render()
#2 /home/akdev/Documents/GitHub/web-unsribot/app/Views/admin/fakultas.php(13): view()
#3 /home/akdev/Documents/GitHub/web-unsribot/system/View/View.php(230): include('/home/akdev/Doc...')
#4 /home/akdev/Documents/GitHub/web-unsribot/system/View/View.php(232): CodeIgniter\View\View->CodeIgniter\View\{closure}()
#5 /home/akdev/Documents/GitHub/web-unsribot/system/Common.php(1271): CodeIgniter\View\View->render()
#6 /home/akdev/Documents/GitHub/web-unsribot/app/Controllers/Admin/Fakultas.php(15): view()
#7 /home/akdev/Documents/GitHub/web-unsribot/system/CodeIgniter.php(928): App\Controllers\Admin\Fakultas->index()
#8 /home/akdev/Documents/GitHub/web-unsribot/system/CodeIgniter.php(436): CodeIgniter\CodeIgniter->runController()
#9 /home/akdev/Documents/GitHub/web-unsribot/system/CodeIgniter.php(336): CodeIgniter\CodeIgniter->handleRequest()
#10 /home/akdev/Documents/GitHub/web-unsribot/public/index.php(37): CodeIgniter\CodeIgniter->run()
#11 /home/akdev/Documents/GitHub/web-unsribot/system/Commands/Server/rewrite.php(45): require_once('/home/akdev/Doc...')
#12 {main}
CRITICAL - 2021-08-29 03:51:40 --> Undefined variable: kategori
#0 /home/akdev/Documents/GitHub/web-unsribot/app/Views/admin/fakultas.php(58): CodeIgniter\Debug\Exceptions->errorHandler()
#1 /home/akdev/Documents/GitHub/web-unsribot/system/View/View.php(230): include('/home/akdev/Doc...')
#2 /home/akdev/Documents/GitHub/web-unsribot/system/View/View.php(232): CodeIgniter\View\View->CodeIgniter\View\{closure}()
#3 /home/akdev/Documents/GitHub/web-unsribot/system/Common.php(1271): CodeIgniter\View\View->render()
#4 /home/akdev/Documents/GitHub/web-unsribot/app/Controllers/Admin/Fakultas.php(15): view()
#5 /home/akdev/Documents/GitHub/web-unsribot/system/CodeIgniter.php(928): App\Controllers\Admin\Fakultas->index()
#6 /home/akdev/Documents/GitHub/web-unsribot/system/CodeIgniter.php(436): CodeIgniter\CodeIgniter->runController()
#7 /home/akdev/Documents/GitHub/web-unsribot/system/CodeIgniter.php(336): CodeIgniter\CodeIgniter->handleRequest()
#8 /home/akdev/Documents/GitHub/web-unsribot/public/index.php(37): CodeIgniter\CodeIgniter->run()
#9 /home/akdev/Documents/GitHub/web-unsribot/system/Commands/Server/rewrite.php(45): require_once('/home/akdev/Doc...')
#10 {main}
CRITICAL - 2021-08-29 03:52:47 --> Undefined variable: no
#0 /home/akdev/Documents/GitHub/web-unsribot/app/Views/admin/fakultas.php(54): CodeIgniter\Debug\Exceptions->errorHandler()
#1 /home/akdev/Documents/GitHub/web-unsribot/system/View/View.php(230): include('/home/akdev/Doc...')
#2 /home/akdev/Documents/GitHub/web-unsribot/system/View/View.php(232): CodeIgniter\View\View->CodeIgniter\View\{closure}()
#3 /home/akdev/Documents/GitHub/web-unsribot/system/Common.php(1271): CodeIgniter\View\View->render()
#4 /home/akdev/Documents/GitHub/web-unsribot/app/Controllers/Admin/Fakultas.php(15): view()
#5 /home/akdev/Documents/GitHub/web-unsribot/system/CodeIgniter.php(928): App\Controllers\Admin\Fakultas->index()
#6 /home/akdev/Documents/GitHub/web-unsribot/system/CodeIgniter.php(436): CodeIgniter\CodeIgniter->runController()
#7 /home/akdev/Documents/GitHub/web-unsribot/system/CodeIgniter.php(336): CodeIgniter\CodeIgniter->handleRequest()
#8 /home/akdev/Documents/GitHub/web-unsribot/public/index.php(37): CodeIgniter\CodeIgniter->run()
#9 /home/akdev/Documents/GitHub/web-unsribot/system/Commands/Server/rewrite.php(45): require_once('/home/akdev/Doc...')
#10 {main}
CRITICAL - 2021-08-29 03:53:13 --> syntax error, unexpected '?>'
#0 /home/akdev/Documents/GitHub/web-unsribot/system/View/View.php(232): CodeIgniter\View\View->CodeIgniter\View\{closure}()
#1 /home/akdev/Documents/GitHub/web-unsribot/system/Common.php(1271): CodeIgniter\View\View->render()
#2 /home/akdev/Documents/GitHub/web-unsribot/app/Controllers/Admin/Fakultas.php(15): view()
#3 /home/akdev/Documents/GitHub/web-unsribot/system/CodeIgniter.php(928): App\Controllers\Admin\Fakultas->index()
#4 /home/akdev/Documents/GitHub/web-unsribot/system/CodeIgniter.php(436): CodeIgniter\CodeIgniter->runController()
#5 /home/akdev/Documents/GitHub/web-unsribot/system/CodeIgniter.php(336): CodeIgniter\CodeIgniter->handleRequest()
#6 /home/akdev/Documents/GitHub/web-unsribot/public/index.php(37): CodeIgniter\CodeIgniter->run()
#7 /home/akdev/Documents/GitHub/web-unsribot/system/Commands/Server/rewrite.php(45): require_once('/home/akdev/Doc...')
#8 {main}
CRITICAL - 2021-08-29 03:53:26 --> syntax error, unexpected '?>'
#0 /home/akdev/Documents/GitHub/web-unsribot/system/View/View.php(232): CodeIgniter\View\View->CodeIgniter\View\{closure}()
#1 /home/akdev/Documents/GitHub/web-unsribot/system/Common.php(1271): CodeIgniter\View\View->render()
#2 /home/akdev/Documents/GitHub/web-unsribot/app/Controllers/Admin/Fakultas.php(15): view()
#3 /home/akdev/Documents/GitHub/web-unsribot/system/CodeIgniter.php(928): App\Controllers\Admin\Fakultas->index()
#4 /home/akdev/Documents/GitHub/web-unsribot/system/CodeIgniter.php(436): CodeIgniter\CodeIgniter->runController()
#5 /home/akdev/Documents/GitHub/web-unsribot/system/CodeIgniter.php(336): CodeIgniter\CodeIgniter->handleRequest()
#6 /home/akdev/Documents/GitHub/web-unsribot/public/index.php(37): CodeIgniter\CodeIgniter->run()
#7 /home/akdev/Documents/GitHub/web-unsribot/system/Commands/Server/rewrite.php(45): require_once('/home/akdev/Doc...')
#8 {main}
CRITICAL - 2021-08-29 03:53:27 --> syntax error, unexpected '?>'
#0 /home/akdev/Documents/GitHub/web-unsribot/system/View/View.php(232): CodeIgniter\View\View->CodeIgniter\View\{closure}()
#1 /home/akdev/Documents/GitHub/web-unsribot/system/Common.php(1271): CodeIgniter\View\View->render()
#2 /home/akdev/Documents/GitHub/web-unsribot/app/Controllers/Admin/Fakultas.php(15): view()
#3 /home/akdev/Documents/GitHub/web-unsribot/system/CodeIgniter.php(928): App\Controllers\Admin\Fakultas->index()
#4 /home/akdev/Documents/GitHub/web-unsribot/system/CodeIgniter.php(436): CodeIgniter\CodeIgniter->runController()
#5 /home/akdev/Documents/GitHub/web-unsribot/system/CodeIgniter.php(336): CodeIgniter\CodeIgniter->handleRequest()
#6 /home/akdev/Documents/GitHub/web-unsribot/public/index.php(37): CodeIgniter\CodeIgniter->run()
#7 /home/akdev/Documents/GitHub/web-unsribot/system/Commands/Server/rewrite.php(45): require_once('/home/akdev/Doc...')
#8 {main}
CRITICAL - 2021-08-29 03:53:28 --> syntax error, unexpected '?>'
#0 /home/akdev/Documents/GitHub/web-unsribot/system/View/View.php(232): CodeIgniter\View\View->CodeIgniter\View\{closure}()
#1 /home/akdev/Documents/GitHub/web-unsribot/system/Common.php(1271): CodeIgniter\View\View->render()
#2 /home/akdev/Documents/GitHub/web-unsribot/app/Controllers/Admin/Fakultas.php(15): view()
#3 /home/akdev/Documents/GitHub/web-unsribot/system/CodeIgniter.php(928): App\Controllers\Admin\Fakultas->index()
#4 /home/akdev/Documents/GitHub/web-unsribot/system/CodeIgniter.php(436): CodeIgniter\CodeIgniter->runController()
#5 /home/akdev/Documents/GitHub/web-unsribot/system/CodeIgniter.php(336): CodeIgniter\CodeIgniter->handleRequest()
#6 /home/akdev/Documents/GitHub/web-unsribot/public/index.php(37): CodeIgniter\CodeIgniter->run()
#7 /home/akdev/Documents/GitHub/web-unsribot/system/Commands/Server/rewrite.php(45): require_once('/home/akdev/Doc...')
#8 {main}
CRITICAL - 2021-08-29 03:53:49 --> syntax error, unexpected '?>'
#0 /home/akdev/Documents/GitHub/web-unsribot/system/View/View.php(232): CodeIgniter\View\View->CodeIgniter\View\{closure}()
#1 /home/akdev/Documents/GitHub/web-unsribot/system/Common.php(1271): CodeIgniter\View\View->render()
#2 /home/akdev/Documents/GitHub/web-unsribot/app/Controllers/Admin/Fakultas.php(15): view()
#3 /home/akdev/Documents/GitHub/web-unsribot/system/CodeIgniter.php(928): App\Controllers\Admin\Fakultas->index()
#4 /home/akdev/Documents/GitHub/web-unsribot/system/CodeIgniter.php(436): CodeIgniter\CodeIgniter->runController()
#5 /home/akdev/Documents/GitHub/web-unsribot/system/CodeIgniter.php(336): CodeIgniter\CodeIgniter->handleRequest()
#6 /home/akdev/Documents/GitHub/web-unsribot/public/index.php(37): CodeIgniter\CodeIgniter->run()
#7 /home/akdev/Documents/GitHub/web-unsribot/system/Commands/Server/rewrite.php(45): require_once('/home/akdev/Doc...')
#8 {main}
CRITICAL - 2021-08-29 03:54:08 --> Undefined variable: key
#0 /home/akdev/Documents/GitHub/web-unsribot/app/Views/admin/fakultas.php(58): CodeIgniter\Debug\Exceptions->errorHandler()
#1 /home/akdev/Documents/GitHub/web-unsribot/system/View/View.php(230): include('/home/akdev/Doc...')
#2 /home/akdev/Documents/GitHub/web-unsribot/system/View/View.php(232): CodeIgniter\View\View->CodeIgniter\View\{closure}()
#3 /home/akdev/Documents/GitHub/web-unsribot/system/Common.php(1271): CodeIgniter\View\View->render()
#4 /home/akdev/Documents/GitHub/web-unsribot/app/Controllers/Admin/Fakultas.php(15): view()
#5 /home/akdev/Documents/GitHub/web-unsribot/system/CodeIgniter.php(928): App\Controllers\Admin\Fakultas->index()
#6 /home/akdev/Documents/GitHub/web-unsribot/system/CodeIgniter.php(436): CodeIgniter\CodeIgniter->runController()
#7 /home/akdev/Documents/GitHub/web-unsribot/system/CodeIgniter.php(336): CodeIgniter\CodeIgniter->handleRequest()
#8 /home/akdev/Documents/GitHub/web-unsribot/public/index.php(37): CodeIgniter\CodeIgniter->run()
#9 /home/akdev/Documents/GitHub/web-unsribot/system/Commands/Server/rewrite.php(45): require_once('/home/akdev/Doc...')
#10 {main}
CRITICAL - 2021-08-29 03:54:17 --> Undefined variable: key
#0 /home/akdev/Documents/GitHub/web-unsribot/app/Views/admin/fakultas.php(74): CodeIgniter\Debug\Exceptions->errorHandler()
#1 /home/akdev/Documents/GitHub/web-unsribot/system/View/View.php(230): include('/home/akdev/Doc...')
#2 /home/akdev/Documents/GitHub/web-unsribot/system/View/View.php(232): CodeIgniter\View\View->CodeIgniter\View\{closure}()
#3 /home/akdev/Documents/GitHub/web-unsribot/system/Common.php(1271): CodeIgniter\View\View->render()
#4 /home/akdev/Documents/GitHub/web-unsribot/app/Controllers/Admin/Fakultas.php(15): view()
#5 /home/akdev/Documents/GitHub/web-unsribot/system/CodeIgniter.php(928): App\Controllers\Admin\Fakultas->index()
#6 /home/akdev/Documents/GitHub/web-unsribot/system/CodeIgniter.php(436): CodeIgniter\CodeIgniter->runController()
#7 /home/akdev/Documents/GitHub/web-unsribot/system/CodeIgniter.php(336): CodeIgniter\CodeIgniter->handleRequest()
#8 /home/akdev/Documents/GitHub/web-unsribot/public/index.php(37): CodeIgniter\CodeIgniter->run()
#9 /home/akdev/Documents/GitHub/web-unsribot/system/Commands/Server/rewrite.php(45): require_once('/home/akdev/Doc...')
#10 {main}
CRITICAL - 2021-08-29 03:54:42 --> Undefined variable: key
#0 /home/akdev/Documents/GitHub/web-unsribot/app/Views/admin/fakultas.php(78): CodeIgniter\Debug\Exceptions->errorHandler()
#1 /home/akdev/Documents/GitHub/web-unsribot/system/View/View.php(230): include('/home/akdev/Doc...')
#2 /home/akdev/Documents/GitHub/web-unsribot/system/View/View.php(232): CodeIgniter\View\View->CodeIgniter\View\{closure}()
#3 /home/akdev/Documents/GitHub/web-unsribot/system/Common.php(1271): CodeIgniter\View\View->render()
#4 /home/akdev/Documents/GitHub/web-unsribot/app/Controllers/Admin/Fakultas.php(15): view()
#5 /home/akdev/Documents/GitHub/web-unsribot/system/CodeIgniter.php(928): App\Controllers\Admin\Fakultas->index()
#6 /home/akdev/Documents/GitHub/web-unsribot/system/CodeIgniter.php(436): CodeIgniter\CodeIgniter->runController()
#7 /home/akdev/Documents/GitHub/web-unsribot/system/CodeIgniter.php(336): CodeIgniter\CodeIgniter->handleRequest()
#8 /home/akdev/Documents/GitHub/web-unsribot/public/index.php(37): CodeIgniter\CodeIgniter->run()
#9 /home/akdev/Documents/GitHub/web-unsribot/system/Commands/Server/rewrite.php(45): require_once('/home/akdev/Doc...')
#10 {main}
CRITICAL - 2021-08-29 03:54:59 --> Undefined variable: key
#0 /home/akdev/Documents/GitHub/web-unsribot/app/Views/admin/fakultas.php(78): CodeIgniter\Debug\Exceptions->errorHandler()
#1 /home/akdev/Documents/GitHub/web-unsribot/system/View/View.php(230): include('/home/akdev/Doc...')
#2 /home/akdev/Documents/GitHub/web-unsribot/system/View/View.php(232): CodeIgniter\View\View->CodeIgniter\View\{closure}()
#3 /home/akdev/Documents/GitHub/web-unsribot/system/Common.php(1271): CodeIgniter\View\View->render()
#4 /home/akdev/Documents/GitHub/web-unsribot/app/Controllers/Admin/Fakultas.php(15): view()
#5 /home/akdev/Documents/GitHub/web-unsribot/system/CodeIgniter.php(928): App\Controllers\Admin\Fakultas->index()
#6 /home/akdev/Documents/GitHub/web-unsribot/system/CodeIgniter.php(436): CodeIgniter\CodeIgniter->runController()
#7 /home/akdev/Documents/GitHub/web-unsribot/system/CodeIgniter.php(336): CodeIgniter\CodeIgniter->handleRequest()
#8 /home/akdev/Documents/GitHub/web-unsribot/public/index.php(37): CodeIgniter\CodeIgniter->run()
#9 /home/akdev/Documents/GitHub/web-unsribot/system/Commands/Server/rewrite.php(45): require_once('/home/akdev/Doc...')
#10 {main}
CRITICAL - 2021-08-29 03:55:08 --> Undefined variable: key
#0 /home/akdev/Documents/GitHub/web-unsribot/app/Views/admin/fakultas.php(87): CodeIgniter\Debug\Exceptions->errorHandler()
#1 /home/akdev/Documents/GitHub/web-unsribot/system/View/View.php(230): include('/home/akdev/Doc...')
#2 /home/akdev/Documents/GitHub/web-unsribot/system/View/View.php(232): CodeIgniter\View\View->CodeIgniter\View\{closure}()
#3 /home/akdev/Documents/GitHub/web-unsribot/system/Common.php(1271): CodeIgniter\View\View->render()
#4 /home/akdev/Documents/GitHub/web-unsribot/app/Controllers/Admin/Fakultas.php(15): view()
#5 /home/akdev/Documents/GitHub/web-unsribot/system/CodeIgniter.php(928): App\Controllers\Admin\Fakultas->index()
#6 /home/akdev/Documents/GitHub/web-unsribot/system/CodeIgniter.php(436): CodeIgniter\CodeIgniter->runController()
#7 /home/akdev/Documents/GitHub/web-unsribot/system/CodeIgniter.php(336): CodeIgniter\CodeIgniter->handleRequest()
#8 /home/akdev/Documents/GitHub/web-unsribot/public/index.php(37): CodeIgniter\CodeIgniter->run()
#9 /home/akdev/Documents/GitHub/web-unsribot/system/Commands/Server/rewrite.php(45): require_once('/home/akdev/Doc...')
#10 {main}
CRITICAL - 2021-08-29 03:55:20 --> Invalid file: /templates/admin/v_layout.php
#0 /home/akdev/Documents/GitHub/web-unsribot/system/View/View.php(213): CodeIgniter\Exceptions\FrameworkException::forInvalidFile()
#1 /home/akdev/Documents/GitHub/web-unsribot/system/View/View.php(246): CodeIgniter\View\View->render()
#2 /home/akdev/Documents/GitHub/web-unsribot/system/Common.php(1271): CodeIgniter\View\View->render()
#3 /home/akdev/Documents/GitHub/web-unsribot/app/Controllers/Admin/Fakultas.php(15): view()
#4 /home/akdev/Documents/GitHub/web-unsribot/system/CodeIgniter.php(928): App\Controllers\Admin\Fakultas->index()
#5 /home/akdev/Documents/GitHub/web-unsribot/system/CodeIgniter.php(436): CodeIgniter\CodeIgniter->runController()
#6 /home/akdev/Documents/GitHub/web-unsribot/system/CodeIgniter.php(336): CodeIgniter\CodeIgniter->handleRequest()
#7 /home/akdev/Documents/GitHub/web-unsribot/public/index.php(37): CodeIgniter\CodeIgniter->run()
#8 /home/akdev/Documents/GitHub/web-unsribot/system/Commands/Server/rewrite.php(45): require_once('/home/akdev/Doc...')
#9 {main}
CRITICAL - 2021-08-29 05:37:45 --> Call to protected App\Controllers\Admin\Mahasiswa::__construct() from context 'CodeIgniter\CodeIgniter'
#0 /home/akdev/Documents/GitHub/web-unsribot/system/CodeIgniter.php(426): CodeIgniter\CodeIgniter->createController()
#1 /home/akdev/Documents/GitHub/web-unsribot/system/CodeIgniter.php(336): CodeIgniter\CodeIgniter->handleRequest()
#2 /home/akdev/Documents/GitHub/web-unsribot/public/index.php(37): CodeIgniter\CodeIgniter->run()
#3 /home/akdev/Documents/GitHub/web-unsribot/system/Commands/Server/rewrite.php(45): require_once('/home/akdev/Doc...')
#4 {main}
CRITICAL - 2021-08-29 05:37:58 --> Call to protected App\Controllers\Admin\Mahasiswa::__construct() from context 'CodeIgniter\CodeIgniter'
#0 /home/akdev/Documents/GitHub/web-unsribot/system/CodeIgniter.php(426): CodeIgniter\CodeIgniter->createController()
#1 /home/akdev/Documents/GitHub/web-unsribot/system/CodeIgniter.php(336): CodeIgniter\CodeIgniter->handleRequest()
#2 /home/akdev/Documents/GitHub/web-unsribot/public/index.php(37): CodeIgniter\CodeIgniter->run()
#3 /home/akdev/Documents/GitHub/web-unsribot/system/Commands/Server/rewrite.php(45): require_once('/home/akdev/Doc...')
#4 {main}
CRITICAL - 2021-08-29 05:38:00 --> Call to protected App\Controllers\Admin\Mahasiswa::__construct() from context 'CodeIgniter\CodeIgniter'
#0 /home/akdev/Documents/GitHub/web-unsribot/system/CodeIgniter.php(426): CodeIgniter\CodeIgniter->createController()
#1 /home/akdev/Documents/GitHub/web-unsribot/system/CodeIgniter.php(336): CodeIgniter\CodeIgniter->handleRequest()
#2 /home/akdev/Documents/GitHub/web-unsribot/public/index.php(37): CodeIgniter\CodeIgniter->run()
#3 /home/akdev/Documents/GitHub/web-unsribot/system/Commands/Server/rewrite.php(45): require_once('/home/akdev/Doc...')
#4 {main}
CRITICAL - 2021-08-29 05:38:04 --> Call to protected App\Controllers\Admin\Mahasiswa::__construct() from context 'CodeIgniter\CodeIgniter'
#0 /home/akdev/Documents/GitHub/web-unsribot/system/CodeIgniter.php(426): CodeIgniter\CodeIgniter->createController()
#1 /home/akdev/Documents/GitHub/web-unsribot/system/CodeIgniter.php(336): CodeIgniter\CodeIgniter->handleRequest()
#2 /home/akdev/Documents/GitHub/web-unsribot/public/index.php(37): CodeIgniter\CodeIgniter->run()
#3 /home/akdev/Documents/GitHub/web-unsribot/system/Commands/Server/rewrite.php(45): require_once('/home/akdev/Doc...')
#4 {main}
CRITICAL - 2021-08-29 05:39:19 --> Call to protected App\Controllers\Admin\Mahasiswa::__construct() from context 'CodeIgniter\CodeIgniter'
#0 /home/akdev/Documents/GitHub/web-unsribot/system/CodeIgniter.php(426): CodeIgniter\CodeIgniter->createController()
#1 /home/akdev/Documents/GitHub/web-unsribot/system/CodeIgniter.php(336): CodeIgniter\CodeIgniter->handleRequest()
#2 /home/akdev/Documents/GitHub/web-unsribot/public/index.php(37): CodeIgniter\CodeIgniter->run()
#3 /home/akdev/Documents/GitHub/web-unsribot/system/Commands/Server/rewrite.php(45): require_once('/home/akdev/Doc...')
#4 {main}
CRITICAL - 2021-08-29 05:40:29 --> Call to protected App\Controllers\Admin\Mahasiswa::__construct() from context 'CodeIgniter\CodeIgniter'
#0 /home/akdev/Documents/GitHub/web-unsribot/system/CodeIgniter.php(426): CodeIgniter\CodeIgniter->createController()
#1 /home/akdev/Documents/GitHub/web-unsribot/system/CodeIgniter.php(336): CodeIgniter\CodeIgniter->handleRequest()
#2 /home/akdev/Documents/GitHub/web-unsribot/public/index.php(37): CodeIgniter\CodeIgniter->run()
#3 /home/akdev/Documents/GitHub/web-unsribot/system/Commands/Server/rewrite.php(45): require_once('/home/akdev/Doc...')
#4 {main}
CRITICAL - 2021-08-29 05:40:30 --> Call to protected App\Controllers\Admin\Mahasiswa::__construct() from context 'CodeIgniter\CodeIgniter'
#0 /home/akdev/Documents/GitHub/web-unsribot/system/CodeIgniter.php(426): CodeIgniter\CodeIgniter->createController()
#1 /home/akdev/Documents/GitHub/web-unsribot/system/CodeIgniter.php(336): CodeIgniter\CodeIgniter->handleRequest()
#2 /home/akdev/Documents/GitHub/web-unsribot/public/index.php(37): CodeIgniter\CodeIgniter->run()
#3 /home/akdev/Documents/GitHub/web-unsribot/system/Commands/Server/rewrite.php(45): require_once('/home/akdev/Doc...')
#4 {main}
CRITICAL - 2021-08-29 05:40:31 --> Call to protected App\Controllers\Admin\Mahasiswa::__construct() from context 'CodeIgniter\CodeIgniter'
#0 /home/akdev/Documents/GitHub/web-unsribot/system/CodeIgniter.php(426): CodeIgniter\CodeIgniter->createController()
#1 /home/akdev/Documents/GitHub/web-unsribot/system/CodeIgniter.php(336): CodeIgniter\CodeIgniter->handleRequest()
#2 /home/akdev/Documents/GitHub/web-unsribot/public/index.php(37): CodeIgniter\CodeIgniter->run()
#3 /home/akdev/Documents/GitHub/web-unsribot/system/Commands/Server/rewrite.php(45): require_once('/home/akdev/Doc...')
#4 {main}
CRITICAL - 2021-08-29 05:40:32 --> Call to protected App\Controllers\Admin\Mahasiswa::__construct() from context 'CodeIgniter\CodeIgniter'
#0 /home/akdev/Documents/GitHub/web-unsribot/system/CodeIgniter.php(426): CodeIgniter\CodeIgniter->createController()
#1 /home/akdev/Documents/GitHub/web-unsribot/system/CodeIgniter.php(336): CodeIgniter\CodeIgniter->handleRequest()
#2 /home/akdev/Documents/GitHub/web-unsribot/public/index.php(37): CodeIgniter\CodeIgniter->run()
#3 /home/akdev/Documents/GitHub/web-unsribot/system/Commands/Server/rewrite.php(45): require_once('/home/akdev/Doc...')
#4 {main}
CRITICAL - 2021-08-29 05:40:32 --> Call to protected App\Controllers\Admin\Mahasiswa::__construct() from context 'CodeIgniter\CodeIgniter'
#0 /home/akdev/Documents/GitHub/web-unsribot/system/CodeIgniter.php(426): CodeIgniter\CodeIgniter->createController()
#1 /home/akdev/Documents/GitHub/web-unsribot/system/CodeIgniter.php(336): CodeIgniter\CodeIgniter->handleRequest()
#2 /home/akdev/Documents/GitHub/web-unsribot/public/index.php(37): CodeIgniter\CodeIgniter->run()
#3 /home/akdev/Documents/GitHub/web-unsribot/system/Commands/Server/rewrite.php(45): require_once('/home/akdev/Doc...')
#4 {main}
CRITICAL - 2021-08-29 05:40:33 --> Call to protected App\Controllers\Admin\Mahasiswa::__construct() from context 'CodeIgniter\CodeIgniter'
#0 /home/akdev/Documents/GitHub/web-unsribot/system/CodeIgniter.php(426): CodeIgniter\CodeIgniter->createController()
#1 /home/akdev/Documents/GitHub/web-unsribot/system/CodeIgniter.php(336): CodeIgniter\CodeIgniter->handleRequest()
#2 /home/akdev/Documents/GitHub/web-unsribot/public/index.php(37): CodeIgniter\CodeIgniter->run()
#3 /home/akdev/Documents/GitHub/web-unsribot/system/Commands/Server/rewrite.php(45): require_once('/home/akdev/Doc...')
#4 {main}
CRITICAL - 2021-08-29 05:40:53 --> Call to protected App\Controllers\Admin\Mahasiswa::__construct() from context 'CodeIgniter\CodeIgniter'
#0 /home/akdev/Documents/GitHub/web-unsribot/system/CodeIgniter.php(426): CodeIgniter\CodeIgniter->createController()
#1 /home/akdev/Documents/GitHub/web-unsribot/system/CodeIgniter.php(336): CodeIgniter\CodeIgniter->handleRequest()
#2 /home/akdev/Documents/GitHub/web-unsribot/public/index.php(37): CodeIgniter\CodeIgniter->run()
#3 /home/akdev/Documents/GitHub/web-unsribot/system/Commands/Server/rewrite.php(45): require_once('/home/akdev/Doc...')
#4 {main}
CRITICAL - 2021-08-29 05:51:30 --> Undefined property: App\Controllers\Admin\Mahasiswa::$Model
#0 /home/akdev/Documents/GitHub/web-unsribot/app/Controllers/Admin/Mahasiswa.php(13): CodeIgniter\Debug\Exceptions->errorHandler()
#1 /home/akdev/Documents/GitHub/web-unsribot/system/CodeIgniter.php(928): App\Controllers\Admin\Mahasiswa->index()
#2 /home/akdev/Documents/GitHub/web-unsribot/system/CodeIgniter.php(436): CodeIgniter\CodeIgniter->runController()
#3 /home/akdev/Documents/GitHub/web-unsribot/system/CodeIgniter.php(336): CodeIgniter\CodeIgniter->handleRequest()
#4 /home/akdev/Documents/GitHub/web-unsribot/public/index.php(37): CodeIgniter\CodeIgniter->run()
#5 /home/akdev/Documents/GitHub/web-unsribot/system/Commands/Server/rewrite.php(45): require_once('/home/akdev/Doc...')
#6 {main}
CRITICAL - 2021-08-29 06:00:18 --> syntax error, unexpected ';', expecting ']'
#0 /home/akdev/Documents/GitHub/web-unsribot/system/Router/Router.php(169): CodeIgniter\Router\Router->autoRoute()
#1 /home/akdev/Documents/GitHub/web-unsribot/system/CodeIgniter.php(809): CodeIgniter\Router\Router->handle()
#2 /home/akdev/Documents/GitHub/web-unsribot/system/CodeIgniter.php(389): CodeIgniter\CodeIgniter->tryToRouteIt()
#3 /home/akdev/Documents/GitHub/web-unsribot/system/CodeIgniter.php(336): CodeIgniter\CodeIgniter->handleRequest()
#4 /home/akdev/Documents/GitHub/web-unsribot/public/index.php(37): CodeIgniter\CodeIgniter->run()
#5 /home/akdev/Documents/GitHub/web-unsribot/system/Commands/Server/rewrite.php(45): require_once('/home/akdev/Doc...')
#6 {main}
CRITICAL - 2021-08-29 06:31:08 --> Undefined variable: fakultas_list
#0 /home/akdev/Documents/GitHub/web-unsribot/app/Views/admin/mahasiswa.php(4): CodeIgniter\Debug\Exceptions->errorHandler()
#1 /home/akdev/Documents/GitHub/web-unsribot/system/View/View.php(230): include('/home/akdev/Doc...')
#2 /home/akdev/Documents/GitHub/web-unsribot/system/View/View.php(232): CodeIgniter\View\View->CodeIgniter\View\{closure}()
#3 /home/akdev/Documents/GitHub/web-unsribot/system/Common.php(1271): CodeIgniter\View\View->render()
#4 /home/akdev/Documents/GitHub/web-unsribot/app/Controllers/Admin/Mahasiswa.php(21): view()
#5 /home/akdev/Documents/GitHub/web-unsribot/system/CodeIgniter.php(928): App\Controllers\Admin\Mahasiswa->index()
#6 /home/akdev/Documents/GitHub/web-unsribot/system/CodeIgniter.php(436): CodeIgniter\CodeIgniter->runController()
#7 /home/akdev/Documents/GitHub/web-unsribot/system/CodeIgniter.php(336): CodeIgniter\CodeIgniter->handleRequest()
#8 /home/akdev/Documents/GitHub/web-unsribot/public/index.php(37): CodeIgniter\CodeIgniter->run()
#9 /home/akdev/Documents/GitHub/web-unsribot/system/Commands/Server/rewrite.php(45): require_once('/home/akdev/Doc...')
#10 {main}
CRITICAL - 2021-08-29 06:31:23 --> Undefined variable: fakultas_list
#0 /home/akdev/Documents/GitHub/web-unsribot/app/Views/admin/mahasiswa.php(4): CodeIgniter\Debug\Exceptions->errorHandler()
#1 /home/akdev/Documents/GitHub/web-unsribot/system/View/View.php(230): include('/home/akdev/Doc...')
#2 /home/akdev/Documents/GitHub/web-unsribot/system/View/View.php(232): CodeIgniter\View\View->CodeIgniter\View\{closure}()
#3 /home/akdev/Documents/GitHub/web-unsribot/system/Common.php(1271): CodeIgniter\View\View->render()
#4 /home/akdev/Documents/GitHub/web-unsribot/app/Controllers/Admin/Mahasiswa.php(21): view()
#5 /home/akdev/Documents/GitHub/web-unsribot/system/CodeIgniter.php(928): App\Controllers\Admin\Mahasiswa->index()
#6 /home/akdev/Documents/GitHub/web-unsribot/system/CodeIgniter.php(436): CodeIgniter\CodeIgniter->runController()
#7 /home/akdev/Documents/GitHub/web-unsribot/system/CodeIgniter.php(336): CodeIgniter\CodeIgniter->handleRequest()
#8 /home/akdev/Documents/GitHub/web-unsribot/public/index.php(37): CodeIgniter\CodeIgniter->run()
#9 /home/akdev/Documents/GitHub/web-unsribot/system/Commands/Server/rewrite.php(45): require_once('/home/akdev/Doc...')
#10 {main}
CRITICAL - 2021-08-29 06:48:22 --> Undefined property: App\Controllers\Admin\Mahasiswa::$Model
#0 /home/akdev/Documents/GitHub/web-unsribot/app/Controllers/Admin/Mahasiswa.php(19): CodeIgniter\Debug\Exceptions->errorHandler()
#1 /home/akdev/Documents/GitHub/web-unsribot/system/CodeIgniter.php(928): App\Controllers\Admin\Mahasiswa->index()
#2 /home/akdev/Documents/GitHub/web-unsribot/system/CodeIgniter.php(436): CodeIgniter\CodeIgniter->runController()
#3 /home/akdev/Documents/GitHub/web-unsribot/system/CodeIgniter.php(336): CodeIgniter\CodeIgniter->handleRequest()
#4 /home/akdev/Documents/GitHub/web-unsribot/public/index.php(37): CodeIgniter\CodeIgniter->run()
#5 /home/akdev/Documents/GitHub/web-unsribot/system/Commands/Server/rewrite.php(45): require_once('/home/akdev/Doc...')
#6 {main}
CRITICAL - 2021-08-29 06:49:50 --> Undefined property: App\Controllers\Admin\Mahasiswa::$Model
#0 /home/akdev/Documents/GitHub/web-unsribot/app/Controllers/Admin/Mahasiswa.php(19): CodeIgniter\Debug\Exceptions->errorHandler()
#1 /home/akdev/Documents/GitHub/web-unsribot/system/CodeIgniter.php(928): App\Controllers\Admin\Mahasiswa->index()
#2 /home/akdev/Documents/GitHub/web-unsribot/system/CodeIgniter.php(436): CodeIgniter\CodeIgniter->runController()
#3 /home/akdev/Documents/GitHub/web-unsribot/system/CodeIgniter.php(336): CodeIgniter\CodeIgniter->handleRequest()
#4 /home/akdev/Documents/GitHub/web-unsribot/public/index.php(37): CodeIgniter\CodeIgniter->run()
#5 /home/akdev/Documents/GitHub/web-unsribot/system/Commands/Server/rewrite.php(45): require_once('/home/akdev/Doc...')
#6 {main}
CRITICAL - 2021-08-29 06:49:51 --> Undefined property: App\Controllers\Admin\Mahasiswa::$Model
#0 /home/akdev/Documents/GitHub/web-unsribot/app/Controllers/Admin/Mahasiswa.php(19): CodeIgniter\Debug\Exceptions->errorHandler()
#1 /home/akdev/Documents/GitHub/web-unsribot/system/CodeIgniter.php(928): App\Controllers\Admin\Mahasiswa->index()
#2 /home/akdev/Documents/GitHub/web-unsribot/system/CodeIgniter.php(436): CodeIgniter\CodeIgniter->runController()
#3 /home/akdev/Documents/GitHub/web-unsribot/system/CodeIgniter.php(336): CodeIgniter\CodeIgniter->handleRequest()
#4 /home/akdev/Documents/GitHub/web-unsribot/public/index.php(37): CodeIgniter\CodeIgniter->run()
#5 /home/akdev/Documents/GitHub/web-unsribot/system/Commands/Server/rewrite.php(45): require_once('/home/akdev/Doc...')
#6 {main}
CRITICAL - 2021-08-29 07:02:19 --> Undefined index: nama
#0 /home/akdev/Documents/GitHub/web-unsribot/app/Views/modal/addMahasiswa.php(28): CodeIgniter\Debug\Exceptions->errorHandler()
#1 /home/akdev/Documents/GitHub/web-unsribot/system/View/View.php(230): include('/home/akdev/Doc...')
#2 /home/akdev/Documents/GitHub/web-unsribot/system/View/View.php(232): CodeIgniter\View\View->CodeIgniter\View\{closure}()
#3 /home/akdev/Documents/GitHub/web-unsribot/system/Common.php(1271): CodeIgniter\View\View->render()
#4 /home/akdev/Documents/GitHub/web-unsribot/app/Views/admin/mahasiswa.php(94): view()
#5 /home/akdev/Documents/GitHub/web-unsribot/system/View/View.php(230): include('/home/akdev/Doc...')
#6 /home/akdev/Documents/GitHub/web-unsribot/system/View/View.php(232): CodeIgniter\View\View->CodeIgniter\View\{closure}()
#7 /home/akdev/Documents/GitHub/web-unsribot/system/Common.php(1271): CodeIgniter\View\View->render()
#8 /home/akdev/Documents/GitHub/web-unsribot/app/Controllers/Admin/Mahasiswa.php(22): view()
#9 /home/akdev/Documents/GitHub/web-unsribot/system/CodeIgniter.php(928): App\Controllers\Admin\Mahasiswa->index()
#10 /home/akdev/Documents/GitHub/web-unsribot/system/CodeIgniter.php(436): CodeIgniter\CodeIgniter->runController()
#11 /home/akdev/Documents/GitHub/web-unsribot/system/CodeIgniter.php(336): CodeIgniter\CodeIgniter->handleRequest()
#12 /home/akdev/Documents/GitHub/web-unsribot/public/index.php(37): CodeIgniter\CodeIgniter->run()
#13 /home/akdev/Documents/GitHub/web-unsribot/system/Commands/Server/rewrite.php(45): require_once('/home/akdev/Doc...')
#14 {main}
CRITICAL - 2021-08-29 07:15:17 --> Undefined index: key
#0 /home/akdev/Documents/GitHub/web-unsribot/app/Views/admin/mahasiswa.php(58): CodeIgniter\Debug\Exceptions->errorHandler()
#1 /home/akdev/Documents/GitHub/web-unsribot/system/View/View.php(230): include('/home/akdev/Doc...')
#2 /home/akdev/Documents/GitHub/web-unsribot/system/View/View.php(232): CodeIgniter\View\View->CodeIgniter\View\{closure}()
#3 /home/akdev/Documents/GitHub/web-unsribot/system/Common.php(1271): CodeIgniter\View\View->render()
#4 /home/akdev/Documents/GitHub/web-unsribot/app/Controllers/Admin/Mahasiswa.php(22): view()
#5 /home/akdev/Documents/GitHub/web-unsribot/system/CodeIgniter.php(928): App\Controllers\Admin\Mahasiswa->index()
#6 /home/akdev/Documents/GitHub/web-unsribot/system/CodeIgniter.php(436): CodeIgniter\CodeIgniter->runController()
#7 /home/akdev/Documents/GitHub/web-unsribot/system/CodeIgniter.php(336): CodeIgniter\CodeIgniter->handleRequest()
#8 /home/akdev/Documents/GitHub/web-unsribot/public/index.php(37): CodeIgniter\CodeIgniter->run()
#9 /home/akdev/Documents/GitHub/web-unsribot/system/Commands/Server/rewrite.php(45): require_once('/home/akdev/Doc...')
#10 {main}
ERROR - 2021-08-29 07:22:06 --> Unknown column 'm.fakultas_kode' in 'on clause'
CRITICAL - 2021-08-29 07:22:06 --> Unknown column 'm.fakultas_kode' in 'on clause'
#0 /home/akdev/Documents/GitHub/web-unsribot/system/Database/MySQLi/Connection.php(329): mysqli->query()
#1 /home/akdev/Documents/GitHub/web-unsribot/system/Database/BaseConnection.php(732): CodeIgniter\Database\MySQLi\Connection->execute()
#2 /home/akdev/Documents/GitHub/web-unsribot/system/Database/BaseConnection.php(647): CodeIgniter\Database\BaseConnection->simpleQuery()
#3 /home/akdev/Documents/GitHub/web-unsribot/app/Models/M_Mahasiswa.php(17): CodeIgniter\Database\BaseConnection->query()
#4 /home/akdev/Documents/GitHub/web-unsribot/app/Controllers/Admin/Mahasiswa.php(19): App\Models\M_Mahasiswa->get_mahasiswa_list()
#5 /home/akdev/Documents/GitHub/web-unsribot/system/CodeIgniter.php(928): App\Controllers\Admin\Mahasiswa->index()
#6 /home/akdev/Documents/GitHub/web-unsribot/system/CodeIgniter.php(436): CodeIgniter\CodeIgniter->runController()
#7 /home/akdev/Documents/GitHub/web-unsribot/system/CodeIgniter.php(336): CodeIgniter\CodeIgniter->handleRequest()
#8 /home/akdev/Documents/GitHub/web-unsribot/public/index.php(37): CodeIgniter\CodeIgniter->run()
#9 /home/akdev/Documents/GitHub/web-unsribot/system/Commands/Server/rewrite.php(45): require_once('/home/akdev/Doc...')
#10 {main}
ERROR - 2021-08-29 07:22:31 --> Unknown column 'j.fakultas_kode' in 'on clause'
CRITICAL - 2021-08-29 07:22:31 --> Unknown column 'j.fakultas_kode' in 'on clause'
#0 /home/akdev/Documents/GitHub/web-unsribot/system/Database/MySQLi/Connection.php(329): mysqli->query()
#1 /home/akdev/Documents/GitHub/web-unsribot/system/Database/BaseConnection.php(732): CodeIgniter\Database\MySQLi\Connection->execute()
#2 /home/akdev/Documents/GitHub/web-unsribot/system/Database/BaseConnection.php(647): CodeIgniter\Database\BaseConnection->simpleQuery()
#3 /home/akdev/Documents/GitHub/web-unsribot/app/Models/M_Mahasiswa.php(17): CodeIgniter\Database\BaseConnection->query()
#4 /home/akdev/Documents/GitHub/web-unsribot/app/Controllers/Admin/Mahasiswa.php(19): App\Models\M_Mahasiswa->get_mahasiswa_list()
#5 /home/akdev/Documents/GitHub/web-unsribot/system/CodeIgniter.php(928): App\Controllers\Admin\Mahasiswa->index()
#6 /home/akdev/Documents/GitHub/web-unsribot/system/CodeIgniter.php(436): CodeIgniter\CodeIgniter->runController()
#7 /home/akdev/Documents/GitHub/web-unsribot/system/CodeIgniter.php(336): CodeIgniter\CodeIgniter->handleRequest()
#8 /home/akdev/Documents/GitHub/web-unsribot/public/index.php(37): CodeIgniter\CodeIgniter->run()
#9 /home/akdev/Documents/GitHub/web-unsribot/system/Commands/Server/rewrite.php(45): require_once('/home/akdev/Doc...')
#10 {main}
ERROR - 2021-08-29 07:22:46 --> Unknown column 'j.jurusan' in 'on clause'
CRITICAL - 2021-08-29 07:22:46 --> Unknown column 'j.jurusan' in 'on clause'
#0 /home/akdev/Documents/GitHub/web-unsribot/system/Database/MySQLi/Connection.php(329): mysqli->query()
#1 /home/akdev/Documents/GitHub/web-unsribot/system/Database/BaseConnection.php(732): CodeIgniter\Database\MySQLi\Connection->execute()
#2 /home/akdev/Documents/GitHub/web-unsribot/system/Database/BaseConnection.php(647): CodeIgniter\Database\BaseConnection->simpleQuery()
#3 /home/akdev/Documents/GitHub/web-unsribot/app/Models/M_Mahasiswa.php(17): CodeIgniter\Database\BaseConnection->query()
#4 /home/akdev/Documents/GitHub/web-unsribot/app/Controllers/Admin/Mahasiswa.php(19): App\Models\M_Mahasiswa->get_mahasiswa_list()
#5 /home/akdev/Documents/GitHub/web-unsribot/system/CodeIgniter.php(928): App\Controllers\Admin\Mahasiswa->index()
#6 /home/akdev/Documents/GitHub/web-unsribot/system/CodeIgniter.php(436): CodeIgniter\CodeIgniter->runController()
#7 /home/akdev/Documents/GitHub/web-unsribot/system/CodeIgniter.php(336): CodeIgniter\CodeIgniter->handleRequest()
#8 /home/akdev/Documents/GitHub/web-unsribot/public/index.php(37): CodeIgniter\CodeIgniter->run()
#9 /home/akdev/Documents/GitHub/web-unsribot/system/Commands/Server/rewrite.php(45): require_once('/home/akdev/Doc...')
#10 {main}
CRITICAL - 2021-08-29 07:26:26 --> Undefined index: angkatan
#0 /home/akdev/Documents/GitHub/web-unsribot/app/Views/admin/mahasiswa.php(63): CodeIgniter\Debug\Exceptions->errorHandler()
#1 /home/akdev/Documents/GitHub/web-unsribot/system/View/View.php(230): include('/home/akdev/Doc...')
#2 /home/akdev/Documents/GitHub/web-unsribot/system/View/View.php(232): CodeIgniter\View\View->CodeIgniter\View\{closure}()
#3 /home/akdev/Documents/GitHub/web-unsribot/system/Common.php(1271): CodeIgniter\View\View->render()
#4 /home/akdev/Documents/GitHub/web-unsribot/app/Controllers/Admin/Mahasiswa.php(23): view()
#5 /home/akdev/Documents/GitHub/web-unsribot/system/CodeIgniter.php(928): App\Controllers\Admin\Mahasiswa->index()
#6 /home/akdev/Documents/GitHub/web-unsribot/system/CodeIgniter.php(436): CodeIgniter\CodeIgniter->runController()
#7 /home/akdev/Documents/GitHub/web-unsribot/system/CodeIgniter.php(336): CodeIgniter\CodeIgniter->handleRequest()
#8 /home/akdev/Documents/GitHub/web-unsribot/public/index.php(37): CodeIgniter\CodeIgniter->run()
#9 /home/akdev/Documents/GitHub/web-unsribot/system/Commands/Server/rewrite.php(45): require_once('/home/akdev/Doc...')
#10 {main}
CRITICAL - 2021-08-29 07:56:26 --> Undefined variable: jurusan_list
#0 /home/akdev/Documents/GitHub/web-unsribot/app/Views/modal/addDosen.php(26): CodeIgniter\Debug\Exceptions->errorHandler()
#1 /home/akdev/Documents/GitHub/web-unsribot/system/View/View.php(230): include('/home/akdev/Doc...')
#2 /home/akdev/Documents/GitHub/web-unsribot/system/View/View.php(232): CodeIgniter\View\View->CodeIgniter\View\{closure}()
#3 /home/akdev/Documents/GitHub/web-unsribot/system/Common.php(1271): CodeIgniter\View\View->render()
#4 /home/akdev/Documents/GitHub/web-unsribot/app/Views/admin/dosen.php(92): view()
#5 /home/akdev/Documents/GitHub/web-unsribot/system/View/View.php(230): include('/home/akdev/Doc...')
#6 /home/akdev/Documents/GitHub/web-unsribot/system/View/View.php(232): CodeIgniter\View\View->CodeIgniter\View\{closure}()
#7 /home/akdev/Documents/GitHub/web-unsribot/system/Common.php(1271): CodeIgniter\View\View->render()
#8 /home/akdev/Documents/GitHub/web-unsribot/app/Controllers/Admin/Dosen.php(22): view()
#9 /home/akdev/Documents/GitHub/web-unsribot/system/CodeIgniter.php(928): App\Controllers\Admin\Dosen->index()
#10 /home/akdev/Documents/GitHub/web-unsribot/system/CodeIgniter.php(436): CodeIgniter\CodeIgniter->runController()
#11 /home/akdev/Documents/GitHub/web-unsribot/system/CodeIgniter.php(336): CodeIgniter\CodeIgniter->handleRequest()
#12 /home/akdev/Documents/GitHub/web-unsribot/public/index.php(37): CodeIgniter\CodeIgniter->run()
#13 /home/akdev/Documents/GitHub/web-unsribot/system/Commands/Server/rewrite.php(45): require_once('/home/akdev/Doc...')
#14 {main}
CRITICAL - 2021-08-29 07:59:49 --> Undefined variable: jurusan_list
#0 /home/akdev/Documents/GitHub/web-unsribot/app/Views/modal/addMataKuliah.php(26): CodeIgniter\Debug\Exceptions->errorHandler()
#1 /home/akdev/Documents/GitHub/web-unsribot/system/View/View.php(230): include('/home/akdev/Doc...')
#2 /home/akdev/Documents/GitHub/web-unsribot/system/View/View.php(232): CodeIgniter\View\View->CodeIgniter\View\{closure}()
#3 /home/akdev/Documents/GitHub/web-unsribot/system/Common.php(1271): CodeIgniter\View\View->render()
#4 /home/akdev/Documents/GitHub/web-unsribot/app/Views/admin/matakuliah.php(91): view()
#5 /home/akdev/Documents/GitHub/web-unsribot/system/View/View.php(230): include('/home/akdev/Doc...')
#6 /home/akdev/Documents/GitHub/web-unsribot/system/View/View.php(232): CodeIgniter\View\View->CodeIgniter\View\{closure}()
#7 /home/akdev/Documents/GitHub/web-unsribot/system/Common.php(1271): CodeIgniter\View\View->render()
#8 /home/akdev/Documents/GitHub/web-unsribot/app/Controllers/Admin/Matakuliah.php(15): view()
#9 /home/akdev/Documents/GitHub/web-unsribot/system/CodeIgniter.php(928): App\Controllers\Admin\Matakuliah->index()
#10 /home/akdev/Documents/GitHub/web-unsribot/system/CodeIgniter.php(436): CodeIgniter\CodeIgniter->runController()
#11 /home/akdev/Documents/GitHub/web-unsribot/system/CodeIgniter.php(336): CodeIgniter\CodeIgniter->handleRequest()
#12 /home/akdev/Documents/GitHub/web-unsribot/public/index.php(37): CodeIgniter\CodeIgniter->run()
#13 /home/akdev/Documents/GitHub/web-unsribot/system/Commands/Server/rewrite.php(45): require_once('/home/akdev/Doc...')
#14 {main}
CRITICAL - 2021-08-29 08:09:00 --> You must set the database table to be used with your query.
#0 /home/akdev/Documents/GitHub/web-unsribot/system/Model.php(602): CodeIgniter\Database\BaseConnection->table()
#1 /home/akdev/Documents/GitHub/web-unsribot/system/Model.php(798): CodeIgniter\Model->builder()
#2 /home/akdev/Documents/GitHub/web-unsribot/app/Controllers/Admin/Mahasiswa.php(20): CodeIgniter\Model->__call()
#3 /home/akdev/Documents/GitHub/web-unsribot/system/CodeIgniter.php(928): App\Controllers\Admin\Mahasiswa->index()
#4 /home/akdev/Documents/GitHub/web-unsribot/system/CodeIgniter.php(436): CodeIgniter\CodeIgniter->runController()
#5 /home/akdev/Documents/GitHub/web-unsribot/system/CodeIgniter.php(336): CodeIgniter\CodeIgniter->handleRequest()
#6 /home/akdev/Documents/GitHub/web-unsribot/public/index.php(37): CodeIgniter\CodeIgniter->run()
#7 /home/akdev/Documents/GitHub/web-unsribot/system/Commands/Server/rewrite.php(45): require_once('/home/akdev/Doc...')
#8 {main}
CRITICAL - 2021-08-29 08:11:19 --> You must set the database table to be used with your query.
#0 /home/akdev/Documents/GitHub/web-unsribot/system/Model.php(602): CodeIgniter\Database\BaseConnection->table()
#1 /home/akdev/Documents/GitHub/web-unsribot/system/Model.php(798): CodeIgniter\Model->builder()
#2 /home/akdev/Documents/GitHub/web-unsribot/app/Controllers/Admin/Matakuliah.php(20): CodeIgniter\Model->__call()
#3 /home/akdev/Documents/GitHub/web-unsribot/system/CodeIgniter.php(928): App\Controllers\Admin\Matakuliah->index()
#4 /home/akdev/Documents/GitHub/web-unsribot/system/CodeIgniter.php(436): CodeIgniter\CodeIgniter->runController()
#5 /home/akdev/Documents/GitHub/web-unsribot/system/CodeIgniter.php(336): CodeIgniter\CodeIgniter->handleRequest()
#6 /home/akdev/Documents/GitHub/web-unsribot/public/index.php(37): CodeIgniter\CodeIgniter->run()
#7 /home/akdev/Documents/GitHub/web-unsribot/system/Commands/Server/rewrite.php(45): require_once('/home/akdev/Doc...')
#8 {main}
CRITICAL - 2021-08-29 08:12:36 --> You must set the database table to be used with your query.
#0 /home/akdev/Documents/GitHub/web-unsribot/system/Model.php(602): CodeIgniter\Database\BaseConnection->table()
#1 /home/akdev/Documents/GitHub/web-unsribot/system/Model.php(798): CodeIgniter\Model->builder()
#2 /home/akdev/Documents/GitHub/web-unsribot/app/Controllers/Admin/Matakuliah.php(20): CodeIgniter\Model->__call()
#3 /home/akdev/Documents/GitHub/web-unsribot/system/CodeIgniter.php(928): App\Controllers\Admin\Matakuliah->index()
#4 /home/akdev/Documents/GitHub/web-unsribot/system/CodeIgniter.php(436): CodeIgniter\CodeIgniter->runController()
#5 /home/akdev/Documents/GitHub/web-unsribot/system/CodeIgniter.php(336): CodeIgniter\CodeIgniter->handleRequest()
#6 /home/akdev/Documents/GitHub/web-unsribot/public/index.php(37): CodeIgniter\CodeIgniter->run()
#7 /home/akdev/Documents/GitHub/web-unsribot/system/Commands/Server/rewrite.php(45): require_once('/home/akdev/Doc...')
#8 {main}
CRITICAL - 2021-08-29 08:13:30 --> You must set the database table to be used with your query.
#0 /home/akdev/Documents/GitHub/web-unsribot/system/Model.php(602): CodeIgniter\Database\BaseConnection->table()
#1 /home/akdev/Documents/GitHub/web-unsribot/system/Model.php(798): CodeIgniter\Model->builder()
#2 /home/akdev/Documents/GitHub/web-unsribot/app/Controllers/Admin/Matakuliah.php(22): CodeIgniter\Model->__call()
#3 /home/akdev/Documents/GitHub/web-unsribot/system/CodeIgniter.php(928): App\Controllers\Admin\Matakuliah->index()
#4 /home/akdev/Documents/GitHub/web-unsribot/system/CodeIgniter.php(436): CodeIgniter\CodeIgniter->runController()
#5 /home/akdev/Documents/GitHub/web-unsribot/system/CodeIgniter.php(336): CodeIgniter\CodeIgniter->handleRequest()
#6 /home/akdev/Documents/GitHub/web-unsribot/public/index.php(37): CodeIgniter\CodeIgniter->run()
#7 /home/akdev/Documents/GitHub/web-unsribot/system/Commands/Server/rewrite.php(45): require_once('/home/akdev/Doc...')
#8 {main}
CRITICAL - 2021-08-29 08:13:45 --> You must set the database table to be used with your query.
#0 /home/akdev/Documents/GitHub/web-unsribot/system/Model.php(602): CodeIgniter\Database\BaseConnection->table()
#1 /home/akdev/Documents/GitHub/web-unsribot/system/Model.php(798): CodeIgniter\Model->builder()
#2 /home/akdev/Documents/GitHub/web-unsribot/app/Controllers/Admin/Matakuliah.php(22): CodeIgniter\Model->__call()
#3 /home/akdev/Documents/GitHub/web-unsribot/system/CodeIgniter.php(928): App\Controllers\Admin\Matakuliah->index()
#4 /home/akdev/Documents/GitHub/web-unsribot/system/CodeIgniter.php(436): CodeIgniter\CodeIgniter->runController()
#5 /home/akdev/Documents/GitHub/web-unsribot/system/CodeIgniter.php(336): CodeIgniter\CodeIgniter->handleRequest()
#6 /home/akdev/Documents/GitHub/web-unsribot/public/index.php(37): CodeIgniter\CodeIgniter->run()
#7 /home/akdev/Documents/GitHub/web-unsribot/system/Commands/Server/rewrite.php(45): require_once('/home/akdev/Doc...')
#8 {main}
CRITICAL - 2021-08-29 08:14:03 --> You must set the database table to be used with your query.
#0 /home/akdev/Documents/GitHub/web-unsribot/system/Model.php(602): CodeIgniter\Database\BaseConnection->table()
#1 /home/akdev/Documents/GitHub/web-unsribot/system/Model.php(798): CodeIgniter\Model->builder()
#2 /home/akdev/Documents/GitHub/web-unsribot/app/Controllers/Admin/Matakuliah.php(22): CodeIgniter\Model->__call()
#3 /home/akdev/Documents/GitHub/web-unsribot/system/CodeIgniter.php(928): App\Controllers\Admin\Matakuliah->index()
#4 /home/akdev/Documents/GitHub/web-unsribot/system/CodeIgniter.php(436): CodeIgniter\CodeIgniter->runController()
#5 /home/akdev/Documents/GitHub/web-unsribot/system/CodeIgniter.php(336): CodeIgniter\CodeIgniter->handleRequest()
#6 /home/akdev/Documents/GitHub/web-unsribot/public/index.php(37): CodeIgniter\CodeIgniter->run()
#7 /home/akdev/Documents/GitHub/web-unsribot/system/Commands/Server/rewrite.php(45): require_once('/home/akdev/Doc...')
#8 {main}
CRITICAL - 2021-08-29 08:14:17 --> You must set the database table to be used with your query.
#0 /home/akdev/Documents/GitHub/web-unsribot/system/Model.php(602): CodeIgniter\Database\BaseConnection->table()
#1 /home/akdev/Documents/GitHub/web-unsribot/system/Model.php(798): CodeIgniter\Model->builder()
#2 /home/akdev/Documents/GitHub/web-unsribot/app/Controllers/Admin/Matakuliah.php(22): CodeIgniter\Model->__call()
#3 /home/akdev/Documents/GitHub/web-unsribot/system/CodeIgniter.php(928): App\Controllers\Admin\Matakuliah->index()
#4 /home/akdev/Documents/GitHub/web-unsribot/system/CodeIgniter.php(436): CodeIgniter\CodeIgniter->runController()
#5 /home/akdev/Documents/GitHub/web-unsribot/system/CodeIgniter.php(336): CodeIgniter\CodeIgniter->handleRequest()
#6 /home/akdev/Documents/GitHub/web-unsribot/public/index.php(37): CodeIgniter\CodeIgniter->run()
#7 /home/akdev/Documents/GitHub/web-unsribot/system/Commands/Server/rewrite.php(45): require_once('/home/akdev/Doc...')
#8 {main}
CRITICAL - 2021-08-29 08:14:39 --> You must set the database table to be used with your query.
#0 /home/akdev/Documents/GitHub/web-unsribot/system/Model.php(602): CodeIgniter\Database\BaseConnection->table()
#1 /home/akdev/Documents/GitHub/web-unsribot/system/Model.php(798): CodeIgniter\Model->builder()
#2 /home/akdev/Documents/GitHub/web-unsribot/app/Controllers/Admin/Matakuliah.php(22): CodeIgniter\Model->__call()
#3 /home/akdev/Documents/GitHub/web-unsribot/system/CodeIgniter.php(928): App\Controllers\Admin\Matakuliah->index()
#4 /home/akdev/Documents/GitHub/web-unsribot/system/CodeIgniter.php(436): CodeIgniter\CodeIgniter->runController()
#5 /home/akdev/Documents/GitHub/web-unsribot/system/CodeIgniter.php(336): CodeIgniter\CodeIgniter->handleRequest()
#6 /home/akdev/Documents/GitHub/web-unsribot/public/index.php(37): CodeIgniter\CodeIgniter->run()
#7 /home/akdev/Documents/GitHub/web-unsribot/system/Commands/Server/rewrite.php(45): require_once('/home/akdev/Doc...')
#8 {main}
CRITICAL - 2021-08-29 08:14:41 --> You must set the database table to be used with your query.
#0 /home/akdev/Documents/GitHub/web-unsribot/system/Model.php(602): CodeIgniter\Database\BaseConnection->table()
#1 /home/akdev/Documents/GitHub/web-unsribot/system/Model.php(798): CodeIgniter\Model->builder()
#2 /home/akdev/Documents/GitHub/web-unsribot/app/Controllers/Admin/Matakuliah.php(22): CodeIgniter\Model->__call()
#3 /home/akdev/Documents/GitHub/web-unsribot/system/CodeIgniter.php(928): App\Controllers\Admin\Matakuliah->index()
#4 /home/akdev/Documents/GitHub/web-unsribot/system/CodeIgniter.php(436): CodeIgniter\CodeIgniter->runController()
#5 /home/akdev/Documents/GitHub/web-unsribot/system/CodeIgniter.php(336): CodeIgniter\CodeIgniter->handleRequest()
#6 /home/akdev/Documents/GitHub/web-unsribot/public/index.php(37): CodeIgniter\CodeIgniter->run()
#7 /home/akdev/Documents/GitHub/web-unsribot/system/Commands/Server/rewrite.php(45): require_once('/home/akdev/Doc...')
#8 {main}
ERROR - 2021-08-29 08:15:54 --> Table 'simak_simulasi.matakuliah' doesn't exist
CRITICAL - 2021-08-29 08:15:54 --> Table 'simak_simulasi.matakuliah' doesn't exist
#0 /home/akdev/Documents/GitHub/web-unsribot/system/Database/MySQLi/Connection.php(329): mysqli->query()
#1 /home/akdev/Documents/GitHub/web-unsribot/system/Database/BaseConnection.php(732): CodeIgniter\Database\MySQLi\Connection->execute()
#2 /home/akdev/Documents/GitHub/web-unsribot/system/Database/BaseConnection.php(647): CodeIgniter\Database\BaseConnection->simpleQuery()
#3 /home/akdev/Documents/GitHub/web-unsribot/app/Models/M_Matakuliah.php(17): CodeIgniter\Database\BaseConnection->query()
#4 /home/akdev/Documents/GitHub/web-unsribot/app/Controllers/Admin/Matakuliah.php(22): App\Models\M_Matakuliah->get_mata_kuliah_list()
#5 /home/akdev/Documents/GitHub/web-unsribot/system/CodeIgniter.php(928): App\Controllers\Admin\Matakuliah->index()
#6 /home/akdev/Documents/GitHub/web-unsribot/system/CodeIgniter.php(436): CodeIgniter\CodeIgniter->runController()
#7 /home/akdev/Documents/GitHub/web-unsribot/system/CodeIgniter.php(336): CodeIgniter\CodeIgniter->handleRequest()
#8 /home/akdev/Documents/GitHub/web-unsribot/public/index.php(37): CodeIgniter\CodeIgniter->run()
#9 /home/akdev/Documents/GitHub/web-unsribot/system/Commands/Server/rewrite.php(45): require_once('/home/akdev/Doc...')
#10 {main}
CRITICAL - 2021-08-29 08:16:22 --> You must set the database table to be used with your query.
#0 /home/akdev/Documents/GitHub/web-unsribot/system/Model.php(602): CodeIgniter\Database\BaseConnection->table()
#1 /home/akdev/Documents/GitHub/web-unsribot/system/Model.php(798): CodeIgniter\Model->builder()
#2 /home/akdev/Documents/GitHub/web-unsribot/app/Controllers/Admin/Matakuliah.php(23): CodeIgniter\Model->__call()
#3 /home/akdev/Documents/GitHub/web-unsribot/system/CodeIgniter.php(928): App\Controllers\Admin\Matakuliah->index()
#4 /home/akdev/Documents/GitHub/web-unsribot/system/CodeIgniter.php(436): CodeIgniter\CodeIgniter->runController()
#5 /home/akdev/Documents/GitHub/web-unsribot/system/CodeIgniter.php(336): CodeIgniter\CodeIgniter->handleRequest()
#6 /home/akdev/Documents/GitHub/web-unsribot/public/index.php(37): CodeIgniter\CodeIgniter->run()
#7 /home/akdev/Documents/GitHub/web-unsribot/system/Commands/Server/rewrite.php(45): require_once('/home/akdev/Doc...')
#8 {main}
ERROR - 2021-08-29 08:19:28 --> You have an error in your SQL syntax; check the manual that corresponds to your MariaDB server version for the right syntax to use near 'FROM mata_kuliah m
            INNER JOIN jurusan j ON j.kode = m.jurusan_kode' at line 2
CRITICAL - 2021-08-29 08:19:28 --> You have an error in your SQL syntax; check the manual that corresponds to your MariaDB server version for the right syntax to use near 'FROM mata_kuliah m
            INNER JOIN jurusan j ON j.kode = m.jurusan_kode' at line 2
#0 /home/akdev/Documents/GitHub/web-unsribot/system/Database/MySQLi/Connection.php(329): mysqli->query()
#1 /home/akdev/Documents/GitHub/web-unsribot/system/Database/BaseConnection.php(732): CodeIgniter\Database\MySQLi\Connection->execute()
#2 /home/akdev/Documents/GitHub/web-unsribot/system/Database/BaseConnection.php(647): CodeIgniter\Database\BaseConnection->simpleQuery()
#3 /home/akdev/Documents/GitHub/web-unsribot/app/Models/M_Matakuliah.php(17): CodeIgniter\Database\BaseConnection->query()
#4 /home/akdev/Documents/GitHub/web-unsribot/app/Controllers/Admin/Matakuliah.php(19): App\Models\M_Matakuliah->get_mata_kuliah_list()
#5 /home/akdev/Documents/GitHub/web-unsribot/system/CodeIgniter.php(928): App\Controllers\Admin\Matakuliah->index()
#6 /home/akdev/Documents/GitHub/web-unsribot/system/CodeIgniter.php(436): CodeIgniter\CodeIgniter->runController()
#7 /home/akdev/Documents/GitHub/web-unsribot/system/CodeIgniter.php(336): CodeIgniter\CodeIgniter->handleRequest()
#8 /home/akdev/Documents/GitHub/web-unsribot/public/index.php(37): CodeIgniter\CodeIgniter->run()
#9 /home/akdev/Documents/GitHub/web-unsribot/system/Commands/Server/rewrite.php(45): require_once('/home/akdev/Doc...')
#10 {main}
ERROR - 2021-08-29 08:20:10 --> You have an error in your SQL syntax; check the manual that corresponds to your MariaDB server version for the right syntax to use near 'FROM mata_kuliah m
            -- INNER JOIN jurusan j ON j.kode = m.jurusan_...' at line 2
CRITICAL - 2021-08-29 08:20:10 --> You have an error in your SQL syntax; check the manual that corresponds to your MariaDB server version for the right syntax to use near 'FROM mata_kuliah m
            -- INNER JOIN jurusan j ON j.kode = m.jurusan_...' at line 2
#0 /home/akdev/Documents/GitHub/web-unsribot/system/Database/MySQLi/Connection.php(329): mysqli->query()
#1 /home/akdev/Documents/GitHub/web-unsribot/system/Database/BaseConnection.php(732): CodeIgniter\Database\MySQLi\Connection->execute()
#2 /home/akdev/Documents/GitHub/web-unsribot/system/Database/BaseConnection.php(647): CodeIgniter\Database\BaseConnection->simpleQuery()
#3 /home/akdev/Documents/GitHub/web-unsribot/app/Models/M_Matakuliah.php(17): CodeIgniter\Database\BaseConnection->query()
#4 /home/akdev/Documents/GitHub/web-unsribot/app/Controllers/Admin/Matakuliah.php(19): App\Models\M_Matakuliah->get_mata_kuliah_list()
#5 /home/akdev/Documents/GitHub/web-unsribot/system/CodeIgniter.php(928): App\Controllers\Admin\Matakuliah->index()
#6 /home/akdev/Documents/GitHub/web-unsribot/system/CodeIgniter.php(436): CodeIgniter\CodeIgniter->runController()
#7 /home/akdev/Documents/GitHub/web-unsribot/system/CodeIgniter.php(336): CodeIgniter\CodeIgniter->handleRequest()
#8 /home/akdev/Documents/GitHub/web-unsribot/public/index.php(37): CodeIgniter\CodeIgniter->run()
#9 /home/akdev/Documents/GitHub/web-unsribot/system/Commands/Server/rewrite.php(45): require_once('/home/akdev/Doc...')
#10 {main}
ERROR - 2021-08-29 08:20:11 --> You have an error in your SQL syntax; check the manual that corresponds to your MariaDB server version for the right syntax to use near 'FROM mata_kuliah m
            -- INNER JOIN jurusan j ON j.kode = m.jurusan_...' at line 2
CRITICAL - 2021-08-29 08:20:11 --> You have an error in your SQL syntax; check the manual that corresponds to your MariaDB server version for the right syntax to use near 'FROM mata_kuliah m
            -- INNER JOIN jurusan j ON j.kode = m.jurusan_...' at line 2
#0 /home/akdev/Documents/GitHub/web-unsribot/system/Database/MySQLi/Connection.php(329): mysqli->query()
#1 /home/akdev/Documents/GitHub/web-unsribot/system/Database/BaseConnection.php(732): CodeIgniter\Database\MySQLi\Connection->execute()
#2 /home/akdev/Documents/GitHub/web-unsribot/system/Database/BaseConnection.php(647): CodeIgniter\Database\BaseConnection->simpleQuery()
#3 /home/akdev/Documents/GitHub/web-unsribot/app/Models/M_Matakuliah.php(17): CodeIgniter\Database\BaseConnection->query()
#4 /home/akdev/Documents/GitHub/web-unsribot/app/Controllers/Admin/Matakuliah.php(19): App\Models\M_Matakuliah->get_mata_kuliah_list()
#5 /home/akdev/Documents/GitHub/web-unsribot/system/CodeIgniter.php(928): App\Controllers\Admin\Matakuliah->index()
#6 /home/akdev/Documents/GitHub/web-unsribot/system/CodeIgniter.php(436): CodeIgniter\CodeIgniter->runController()
#7 /home/akdev/Documents/GitHub/web-unsribot/system/CodeIgniter.php(336): CodeIgniter\CodeIgniter->handleRequest()
#8 /home/akdev/Documents/GitHub/web-unsribot/public/index.php(37): CodeIgniter\CodeIgniter->run()
#9 /home/akdev/Documents/GitHub/web-unsribot/system/Commands/Server/rewrite.php(45): require_once('/home/akdev/Doc...')
#10 {main}
ERROR - 2021-08-29 08:20:16 --> You have an error in your SQL syntax; check the manual that corresponds to your MariaDB server version for the right syntax to use near 'FROM mata_kuliah m' at line 2
CRITICAL - 2021-08-29 08:20:16 --> You have an error in your SQL syntax; check the manual that corresponds to your MariaDB server version for the right syntax to use near 'FROM mata_kuliah m' at line 2
#0 /home/akdev/Documents/GitHub/web-unsribot/system/Database/MySQLi/Connection.php(329): mysqli->query()
#1 /home/akdev/Documents/GitHub/web-unsribot/system/Database/BaseConnection.php(732): CodeIgniter\Database\MySQLi\Connection->execute()
#2 /home/akdev/Documents/GitHub/web-unsribot/system/Database/BaseConnection.php(647): CodeIgniter\Database\BaseConnection->simpleQuery()
#3 /home/akdev/Documents/GitHub/web-unsribot/app/Models/M_Matakuliah.php(17): CodeIgniter\Database\BaseConnection->query()
#4 /home/akdev/Documents/GitHub/web-unsribot/app/Controllers/Admin/Matakuliah.php(19): App\Models\M_Matakuliah->get_mata_kuliah_list()
#5 /home/akdev/Documents/GitHub/web-unsribot/system/CodeIgniter.php(928): App\Controllers\Admin\Matakuliah->index()
#6 /home/akdev/Documents/GitHub/web-unsribot/system/CodeIgniter.php(436): CodeIgniter\CodeIgniter->runController()
#7 /home/akdev/Documents/GitHub/web-unsribot/system/CodeIgniter.php(336): CodeIgniter\CodeIgniter->handleRequest()
#8 /home/akdev/Documents/GitHub/web-unsribot/public/index.php(37): CodeIgniter\CodeIgniter->run()
#9 /home/akdev/Documents/GitHub/web-unsribot/system/Commands/Server/rewrite.php(45): require_once('/home/akdev/Doc...')
#10 {main}
ERROR - 2021-08-29 08:20:59 --> You have an error in your SQL syntax; check the manual that corresponds to your MariaDB server version for the right syntax to use near 'FROM mata_kuliah m
            INNER JOIN jurusan j ON j.kode = m.jurusan_kode' at line 2
CRITICAL - 2021-08-29 08:20:59 --> You have an error in your SQL syntax; check the manual that corresponds to your MariaDB server version for the right syntax to use near 'FROM mata_kuliah m
            INNER JOIN jurusan j ON j.kode = m.jurusan_kode' at line 2
#0 /home/akdev/Documents/GitHub/web-unsribot/system/Database/MySQLi/Connection.php(329): mysqli->query()
#1 /home/akdev/Documents/GitHub/web-unsribot/system/Database/BaseConnection.php(732): CodeIgniter\Database\MySQLi\Connection->execute()
#2 /home/akdev/Documents/GitHub/web-unsribot/system/Database/BaseConnection.php(647): CodeIgniter\Database\BaseConnection->simpleQuery()
#3 /home/akdev/Documents/GitHub/web-unsribot/app/Models/M_Matakuliah.php(17): CodeIgniter\Database\BaseConnection->query()
#4 /home/akdev/Documents/GitHub/web-unsribot/app/Controllers/Admin/Matakuliah.php(19): App\Models\M_Matakuliah->get_mata_kuliah_list()
#5 /home/akdev/Documents/GitHub/web-unsribot/system/CodeIgniter.php(928): App\Controllers\Admin\Matakuliah->index()
#6 /home/akdev/Documents/GitHub/web-unsribot/system/CodeIgniter.php(436): CodeIgniter\CodeIgniter->runController()
#7 /home/akdev/Documents/GitHub/web-unsribot/system/CodeIgniter.php(336): CodeIgniter\CodeIgniter->handleRequest()
#8 /home/akdev/Documents/GitHub/web-unsribot/public/index.php(37): CodeIgniter\CodeIgniter->run()
#9 /home/akdev/Documents/GitHub/web-unsribot/system/Commands/Server/rewrite.php(45): require_once('/home/akdev/Doc...')
#10 {main}
ERROR - 2021-08-29 08:21:31 --> You have an error in your SQL syntax; check the manual that corresponds to your MariaDB server version for the right syntax to use near 'FROM mata_kuliah m' at line 2
CRITICAL - 2021-08-29 08:21:31 --> You have an error in your SQL syntax; check the manual that corresponds to your MariaDB server version for the right syntax to use near 'FROM mata_kuliah m' at line 2
#0 /home/akdev/Documents/GitHub/web-unsribot/system/Database/MySQLi/Connection.php(329): mysqli->query()
#1 /home/akdev/Documents/GitHub/web-unsribot/system/Database/BaseConnection.php(732): CodeIgniter\Database\MySQLi\Connection->execute()
#2 /home/akdev/Documents/GitHub/web-unsribot/system/Database/BaseConnection.php(647): CodeIgniter\Database\BaseConnection->simpleQuery()
#3 /home/akdev/Documents/GitHub/web-unsribot/app/Models/M_Matakuliah.php(17): CodeIgniter\Database\BaseConnection->query()
#4 /home/akdev/Documents/GitHub/web-unsribot/app/Controllers/Admin/Matakuliah.php(19): App\Models\M_Matakuliah->get_mata_kuliah_list()
#5 /home/akdev/Documents/GitHub/web-unsribot/system/CodeIgniter.php(928): App\Controllers\Admin\Matakuliah->index()
#6 /home/akdev/Documents/GitHub/web-unsribot/system/CodeIgniter.php(436): CodeIgniter\CodeIgniter->runController()
#7 /home/akdev/Documents/GitHub/web-unsribot/system/CodeIgniter.php(336): CodeIgniter\CodeIgniter->handleRequest()
#8 /home/akdev/Documents/GitHub/web-unsribot/public/index.php(37): CodeIgniter\CodeIgniter->run()
#9 /home/akdev/Documents/GitHub/web-unsribot/system/Commands/Server/rewrite.php(45): require_once('/home/akdev/Doc...')
#10 {main}
CRITICAL - 2021-08-29 08:36:02 --> Undefined variable: jurusan_list
#0 /home/akdev/Documents/GitHub/web-unsribot/app/Views/modal/addMataKuliah.php(26): CodeIgniter\Debug\Exceptions->errorHandler()
#1 /home/akdev/Documents/GitHub/web-unsribot/system/View/View.php(230): include('/home/akdev/Doc...')
#2 /home/akdev/Documents/GitHub/web-unsribot/system/View/View.php(232): CodeIgniter\View\View->CodeIgniter\View\{closure}()
#3 /home/akdev/Documents/GitHub/web-unsribot/system/Common.php(1271): CodeIgniter\View\View->render()
#4 /home/akdev/Documents/GitHub/web-unsribot/app/Views/admin/matakuliah.php(99): view()
#5 /home/akdev/Documents/GitHub/web-unsribot/system/View/View.php(230): include('/home/akdev/Doc...')
#6 /home/akdev/Documents/GitHub/web-unsribot/system/View/View.php(232): CodeIgniter\View\View->CodeIgniter\View\{closure}()
#7 /home/akdev/Documents/GitHub/web-unsribot/system/Common.php(1271): CodeIgniter\View\View->render()
#8 /home/akdev/Documents/GitHub/web-unsribot/app/Controllers/Admin/Matakuliah.php(22): view()
#9 /home/akdev/Documents/GitHub/web-unsribot/system/CodeIgniter.php(928): App\Controllers\Admin\Matakuliah->index()
#10 /home/akdev/Documents/GitHub/web-unsribot/system/CodeIgniter.php(436): CodeIgniter\CodeIgniter->runController()
#11 /home/akdev/Documents/GitHub/web-unsribot/system/CodeIgniter.php(336): CodeIgniter\CodeIgniter->handleRequest()
#12 /home/akdev/Documents/GitHub/web-unsribot/public/index.php(37): CodeIgniter\CodeIgniter->run()
#13 /home/akdev/Documents/GitHub/web-unsribot/system/Commands/Server/rewrite.php(45): require_once('/home/akdev/Doc...')
#14 {main}
CRITICAL - 2021-08-29 08:46:21 --> You must set the database table to be used with your query.
#0 /home/akdev/Documents/GitHub/web-unsribot/system/Model.php(602): CodeIgniter\Database\BaseConnection->table()
#1 /home/akdev/Documents/GitHub/web-unsribot/system/Model.php(798): CodeIgniter\Model->builder()
#2 /home/akdev/Documents/GitHub/web-unsribot/app/Controllers/Admin/Jurusan.php(21): CodeIgniter\Model->__call()
#3 /home/akdev/Documents/GitHub/web-unsribot/system/CodeIgniter.php(928): App\Controllers\Admin\Jurusan->index()
#4 /home/akdev/Documents/GitHub/web-unsribot/system/CodeIgniter.php(436): CodeIgniter\CodeIgniter->runController()
#5 /home/akdev/Documents/GitHub/web-unsribot/system/CodeIgniter.php(336): CodeIgniter\CodeIgniter->handleRequest()
#6 /home/akdev/Documents/GitHub/web-unsribot/public/index.php(37): CodeIgniter\CodeIgniter->run()
#7 /home/akdev/Documents/GitHub/web-unsribot/system/Commands/Server/rewrite.php(45): require_once('/home/akdev/Doc...')
#8 {main}
